#
# A fatal error has been detected by the Java Runtime Environment:
#
#  SIGSEGV (0xb) at pc=0x00007ff8020eb31f, pid=16015, tid=7171
#
# JRE version: OpenJDK Runtime Environment Temurin-17.0.10+7 (17.0.10+7) (build 17.0.10+7)
# Java VM: OpenJDK 64-Bit Server VM Temurin-17.0.10+7 (17.0.10+7, mixed mode, tiered, compressed oops, compressed class ptrs, g1 gc, bsd-amd64)
# Problematic frame:
# C  [libobjc.A.dylib+0x931f]  objc_release+0x1f
#
# No core dump will be written. Core dumps have been disabled. To enable core dumping, try "ulimit -c unlimited" before starting Java again
#
# If you would like to submit a bug report, please visit:
#   https://github.com/adoptium/adoptium-support/issues
# The crash happened outside the Java Virtual Machine in native code.
# See problematic frame for where to report the bug.
#

---------------  S U M M A R Y ------------

Command Line: -Djava.library.path=/Users/shu-yelin/Documents/GitHub/Debuggies/Debuggies/libs/natives -Dfile.encoding=UTF-8 -Dstdout.encoding=UTF-8 -Dstderr.encoding=UTF-8 -XX:+ShowCodeDetailsInExceptionMessages core.Main

Host: "Mac14,7" x86_64 (EMULATED) 2400 MHz, 8 cores, 8G, Darwin 21.5.0, macOS 12.4 (21F2081)
Time: Sat Apr 20 02:59:11 2024 EDT elapsed time: 0.543809 seconds (0d 0h 0m 0s)

---------------  T H R E A D  ---------------

Current thread (0x00007fb9a6008e00):  JavaThread "main" [_thread_in_native, id=7171, stack(0x00000003052b1000,0x00000003053b1000)]

Stack: [0x00000003052b1000,0x00000003053b1000],  sp=0x00000003053b0348,  free space=1020k
Native frames: (J=compiled Java code, j=interpreted, Vv=VM code, C=native code)
C  [libobjc.A.dylib+0x931f]  objc_release+0x1f
C  [libobjc.A.dylib+0xa24f]  objc_autoreleasePoolPop+0xa8
C  [CoreFoundation+0x41032]  _CFAutoreleasePoolPop+0x16
C  [Foundation+0x1ec21]  -[NSAutoreleasePool release]+0x85
C  [liblwjgl.dylib+0x16cce]  Java_org_lwjgl_opengl_MacOSXContextImplementation_setView+0x10e
j  org.lwjgl.opengl.MacOSXContextImplementation.setView(Ljava/nio/ByteBuffer;Ljava/nio/ByteBuffer;)V+0
j  org.lwjgl.opengl.MacOSXContextImplementation.makeCurrent(Lorg/lwjgl/opengl/PeerInfo;Ljava/nio/ByteBuffer;)V+7
j  org.lwjgl.opengl.ContextGL.makeCurrent()V+46
j  org.lwjgl.opengl.DrawableGL.makeCurrent()V+14
j  org.lwjgl.opengl.Display.makeCurrent()V+3
j  org.lwjgl.opengl.Display.makeCurrentAndSetSwapInterval()V+0
j  org.lwjgl.opengl.Display.create(Lorg/lwjgl/opengl/PixelFormat;Lorg/lwjgl/opengl/Drawable;Lorg/lwjgl/opengl/ContextAttribs;)V+108
j  org.lwjgl.opengl.Display.create(Lorg/lwjgl/opengl/PixelFormat;)V+12
j  org.newdawn.slick.AppGameContainer.tryCreateDisplay(Lorg/lwjgl/opengl/PixelFormat;)V+7
j  org.newdawn.slick.AppGameContainer.access$000(Lorg/newdawn/slick/AppGameContainer;Lorg/lwjgl/opengl/PixelFormat;)V+2
j  org.newdawn.slick.AppGameContainer$2.run()Ljava/lang/Object;+36
j  java.security.AccessController.executePrivileged(Ljava/security/PrivilegedAction;Ljava/security/AccessControlContext;Ljava/lang/Class;)Ljava/lang/Object;+29 java.base@17.0.10
j  java.security.AccessController.doPrivileged(Ljava/security/PrivilegedAction;)Ljava/lang/Object;+5 java.base@17.0.10
j  org.newdawn.slick.AppGameContainer.setup()V+112
j  org.newdawn.slick.AppGameContainer.start()V+1
j  core.Main.main([Ljava/lang/String;)V+51
v  ~StubRoutines::call_stub
V  [libjvm.dylib+0x4f483a]  _ZN9JavaCalls11call_helperEP9JavaValueRK12methodHandleP17JavaCallArgumentsP10JavaThread+0x31a
V  [libjvm.dylib+0x5583fb]  _ZL17jni_invoke_staticP7JNIEnv_P9JavaValueP8_jobject11JNICallTypeP10_jmethodIDP18JNI_ArgumentPusherP10JavaThread+0x16b
V  [libjvm.dylib+0x55b716]  jni_CallStaticVoidMethod+0x186
C  [libjli.dylib+0xc89d]  JavaMain+0x5cd
C  [libjli.dylib+0xf649]  ThreadJavaMain+0x9
C  [libsystem_pthread.dylib+0x64e1]  _pthread_start+0x7d
C  [libsystem_pthread.dylib+0x1f6b]  thread_start+0xf

Java frames: (J=compiled Java code, j=interpreted, Vv=VM code)
j  org.lwjgl.opengl.MacOSXContextImplementation.setView(Ljava/nio/ByteBuffer;Ljava/nio/ByteBuffer;)V+0
j  org.lwjgl.opengl.MacOSXContextImplementation.makeCurrent(Lorg/lwjgl/opengl/PeerInfo;Ljava/nio/ByteBuffer;)V+7
j  org.lwjgl.opengl.ContextGL.makeCurrent()V+46
j  org.lwjgl.opengl.DrawableGL.makeCurrent()V+14
j  org.lwjgl.opengl.Display.makeCurrent()V+3
j  org.lwjgl.opengl.Display.makeCurrentAndSetSwapInterval()V+0
j  org.lwjgl.opengl.Display.create(Lorg/lwjgl/opengl/PixelFormat;Lorg/lwjgl/opengl/Drawable;Lorg/lwjgl/opengl/ContextAttribs;)V+108
j  org.lwjgl.opengl.Display.create(Lorg/lwjgl/opengl/PixelFormat;)V+12
j  org.newdawn.slick.AppGameContainer.tryCreateDisplay(Lorg/lwjgl/opengl/PixelFormat;)V+7
j  org.newdawn.slick.AppGameContainer.access$000(Lorg/newdawn/slick/AppGameContainer;Lorg/lwjgl/opengl/PixelFormat;)V+2
j  org.newdawn.slick.AppGameContainer$2.run()Ljava/lang/Object;+36
j  java.security.AccessController.executePrivileged(Ljava/security/PrivilegedAction;Ljava/security/AccessControlContext;Ljava/lang/Class;)Ljava/lang/Object;+29 java.base@17.0.10
j  java.security.AccessController.doPrivileged(Ljava/security/PrivilegedAction;)Ljava/lang/Object;+5 java.base@17.0.10
j  org.newdawn.slick.AppGameContainer.setup()V+112
j  org.newdawn.slick.AppGameContainer.start()V+1
j  core.Main.main([Ljava/lang/String;)V+51
v  ~StubRoutines::call_stub

siginfo: si_signo: 11 (SIGSEGV), si_code: 1 (SEGV_MAPERR), si_addr: 0x0000726c387e35c0

Registers:
RAX=0x0000f26c387e35a0, RBX=0x0000000000000001, RCX=0x0000726c387e35a0, RDX=0x0000000000000000
RSP=0x00000003053b0348, RBP=0x00000003053b0380, RSI=0x00007ff81c8f3f69, RDI=0x0000600002b335a0
R8 =0x00007fb995a8c2c8, R9 =0x0000000000000000, R10=0x00007ff8437a6418, R11=0x00007ff804c58df4
R12=0x0000600002b335a0, R13=0xa3a3a3a3a3a3a3a3, R14=0x00007fb9a5816088, R15=0x00007fb9a5816000
RIP=0x00007ff8020eb31f, EFLAGS=0x0000000000000246, ERR=0x0000000000000004
  TRAPNO=0x000000000000000e


Register to memory mapping:

RAX=0x0000f26c387e35a0 is an unknown value
RBX=0x0000000000000001 is an unknown value
RCX=0x0000726c387e35a0 is an unknown value
RDX=0x0 is NULL
RSP=0x00000003053b0348 is pointing into the stack for thread: 0x00007fb9a6008e00
RBP=0x00000003053b0380 is pointing into the stack for thread: 0x00007fb9a6008e00
RSI=0x00007ff81c8f3f69: <offset 0x1a811f69> in /usr/lib/libobjc.A.dylib at 0x00007ff8020e2000
RDI=0x0000600002b335a0 points into unknown readable memory: 0x0000f26c387e35a0 | a0 35 7e 38 6c f2 00 00
R8 =0x00007fb995a8c2c8 points into unknown readable memory: 0x0000000000000000 | 00 00 00 00 00 00 00 00
R9 =0x0 is NULL
R10=0x00007ff8437a6418: OBJC_CLASS_$_NSNextStepFrame+0 in /System/Library/Frameworks/AppKit.framework/Versions/C/AppKit at 0x00007ff804c4d000
R11=0x00007ff804c58df4: -[NSResponder release]+0 in /System/Library/Frameworks/AppKit.framework/Versions/C/AppKit at 0x00007ff804c4d000
R12=0x0000600002b335a0 points into unknown readable memory: 0x0000f26c387e35a0 | a0 35 7e 38 6c f2 00 00
R13=0xa3a3a3a3a3a3a3a3 is an unknown value
R14=0x00007fb9a5816088 points into unknown readable memory: 0x0000000000000000 | 00 00 00 00 00 00 00 00
R15=0x00007fb9a5816000 points into unknown readable memory: 0x4f545541a1a1a1a1 | a1 a1 a1 a1 41 55 54 4f


Top of Stack: (sp=0x00000003053b0348)
0x00000003053b0348:   00007ff8020ef3aa 48ebcc6c15e400eb
0x00000003053b0358:   00007fb9a5816000 0000600002b3f000
0x00000003053b0368:   000000012563a758 00007ff81c8f3f69
0x00000003053b0378:   0000600002b3f000 00000003053b03a0
0x00000003053b0388:   00007ff8020ec24f 48ebcc6c15e400eb
0x00000003053b0398:   00007fb9a5816088 00000003053b03c0
0x00000003053b03a8:   00007ff8022dd032 48ebcc6c15e400eb
0x00000003053b03b8:   000060000016bba0 00000003053b0400
0x00000003053b03c8:   00007ff80306fc21 00007ff842154fc0
0x00000003053b03d8:   0000000000000000 48ebcc6c15e400eb
0x00000003053b03e8:   000060000016bba0 0000600002b32a00
0x00000003053b03f8:   00007fb9a60090b0 00000003053b0430
0x00000003053b0408:   0000000134473cce 000000012563a760
0x00000003053b0418:   0000000000000000 00000003053b04c8
0x00000003053b0428:   00007fb9a6008e00 00000003053b04a0
0x00000003053b0438:   00000001173d3365 00000003053b04a0
0x00000003053b0448:   00000001173d30fb 00000001173d30b6
0x00000003053b0458:   00000003053b0458 000000012563a758
0x00000003053b0468:   00000003053b04c8 000000012563acd0
0x00000003053b0478:   0000000000000000 0000000787b29178
0x00000003053b0488:   000000012563a760 0000000000000000
0x00000003053b0498:   00000003053b04c0 00000003053b0518
0x00000003053b04a8:   00000001173cf42b 0000000787b29178
0x00000003053b04b8:   00000001173d0f18 0000000787b32f18
0x00000003053b04c8:   0000000787cae520 00000003053b04d0
0x00000003053b04d8:   000000012563a65f 00000003053b0548
0x00000003053b04e8:   000000012563acd0 0000000000000000
0x00000003053b04f8:   0000000787b29178 000000012563a6d0
0x00000003053b0508:   00000003053b04c0 00000003053b0538
0x00000003053b0518:   00000003053b05a8 00000001173cf88f
0x00000003053b0528:   0000000000000000 0000000787cae520
0x00000003053b0538:   0000000787b32f18 0000000787cae460 

Instructions: (pc=0x00007ff8020eb31f)
0x00007ff8020eb21f:   4a 08 48 8b 0d 28 4f 8a 41 48 89 4a 10 48 8b 0d
0x00007ff8020eb22f:   25 4f 8a 41 48 89 4a 18 48 8b 0d 22 4f 8a 41 48
0x00007ff8020eb23f:   89 4a 20 b9 05 00 00 00 48 89 df 48 89 c6 e8 bd
0x00007ff8020eb24f:   99 01 00 84 c0 75 23 66 f0 41 81 4e 1c 00 80 48
0x00007ff8020eb25f:   8b 05 cb 6c e6 3f 48 8b 00 48 3b 45 e0 75 2c 48
0x00007ff8020eb26f:   83 c4 48 5b 41 5e 41 5f 5d c3 31 c0 80 3d 3e 61
0x00007ff8020eb27f:   8a 41 00 74 da 0f b6 d0 4c 89 f7 be 02 00 00 00
0x00007ff8020eb28f:   e8 02 e3 01 00 eb c8 b0 01 eb e1 e8 17 ed 01 00
0x00007ff8020eb29f:   90 90 e9 02 00 00 00 90 90 40 f6 c7 01 75 4e 48
0x00007ff8020eb2af:   8b 07 a8 01 74 34 48 b9 00 00 00 00 00 00 00 01
0x00007ff8020eb2bf:   48 89 c2 48 c1 ea 37 74 34 48 89 c2 48 01 ca 72
0x00007ff8020eb2cf:   12 f0 48 0f b1 17 74 25 a8 01 75 e4 31 f6 e9 58
0x00007ff8020eb2df:   cf 01 00 31 f6 e9 e7 82 00 00 48 b9 f8 ff ff ff
0x00007ff8020eb2ef:   ff 7f 00 00 48 21 c8 f6 40 1c 01 74 df 48 89 f8
0x00007ff8020eb2ff:   c3 48 85 ff 74 76 89 f8 83 e0 01 48 85 c0 75 6c
0x00007ff8020eb30f:   48 8b 07 48 b9 f8 ff ff ff ff 7f 00 00 48 21 c1
0x00007ff8020eb31f:   48 8b 51 20 f6 c2 04 74 54 a8 01 74 72 48 b9 00
0x00007ff8020eb32f:   00 00 00 00 00 80 00 48 ba 00 00 00 00 00 00 00
0x00007ff8020eb33f:   01 48 39 c8 72 36 48 89 c6 48 29 d6 72 17 f0 48
0x00007ff8020eb34f:   0f b1 37 74 22 a8 01 75 e8 31 f6 ba 01 00 00 00
0x00007ff8020eb35f:   e9 66 cb 01 00 48 85 c8 75 3d 48 8b 35 18 4e 8a
0x00007ff8020eb36f:   41 ff 25 da 6d e6 3f 48 39 ce 72 ee c3 66 83 79
0x00007ff8020eb37f:   1c 00 79 0e 83 e2 02 48 85 d2 74 06 f6 41 28 02
0x00007ff8020eb38f:   75 1f 48 8b 35 40 4d 8a 41 ff 25 b2 6d e6 3f f6
0x00007ff8020eb39f:   41 1c 01 74 b4 eb d5 be 01 00 00 00 e9 dc a2 00
0x00007ff8020eb3af:   00 48 8b 05 81 ff 85 41 ff e0 90 90 90 90 90 90
0x00007ff8020eb3bf:   90 90 90 90 90 90 90 90 90 e9 04 00 00 00 90 90
0x00007ff8020eb3cf:   90 90 55 48 89 e5 53 50 48 89 fb f6 c3 01 75 21
0x00007ff8020eb3df:   48 b8 07 00 00 00 00 00 a0 00 48 23 03 48 83 f8
0x00007ff8020eb3ef:   01 75 15 48 89 df 48 83 c4 08 5b 5d e9 8e ec 01
0x00007ff8020eb3ff:   00 48 83 c4 08 5b 5d c3 48 89 df e8 11 00 00 00
0x00007ff8020eb40f:   eb e1 90 90 90 90 90 90 90 90 90 90 90 90 90 90 


Stack slot to memory mapping:
stack at sp + 0 slots: 0x00007ff8020ef3aa: _ZN19AutoreleasePoolPage12releaseUntilEPP11objc_object+0xa4 in /usr/lib/libobjc.A.dylib at 0x00007ff8020e2000
stack at sp + 1 slots: 0x48ebcc6c15e400eb is an unknown value
stack at sp + 2 slots: 0x00007fb9a5816000 points into unknown readable memory: 0x4f545541a1a1a1a1 | a1 a1 a1 a1 41 55 54 4f
stack at sp + 3 slots: 0x0000600002b3f000 points into unknown readable memory: 0x011dfff8438068f9 | f9 68 80 43 f8 ff 1d 01
stack at sp + 4 slots: 0x000000012563a758 is pointing into metadata
stack at sp + 5 slots: 0x00007ff81c8f3f69: <offset 0x1a811f69> in /usr/lib/libobjc.A.dylib at 0x00007ff8020e2000
stack at sp + 6 slots: 0x0000600002b3f000 points into unknown readable memory: 0x011dfff8438068f9 | f9 68 80 43 f8 ff 1d 01
stack at sp + 7 slots: 0x00000003053b03a0 is pointing into the stack for thread: 0x00007fb9a6008e00


---------------  P R O C E S S  ---------------

Threads class SMR info:
_java_thread_list=0x00006000025681a0, length=13, elements={
0x00007fb9a6008e00, 0x00007fb9a5813e00, 0x00007fb9a580dc00, 0x00007fb9a606e600,
0x00007fb9a6063200, 0x00007fb9a606bc00, 0x00007fb9a606c200, 0x00007fb9a606c800,
0x00007fb985808200, 0x00007fb995894600, 0x00007fb995879400, 0x00007fb9958e7600,
0x00007fb995a3ec00
}

Java Threads: ( => current thread )
=>0x00007fb9a6008e00 JavaThread "main" [_thread_in_native, id=7171, stack(0x00000003052b1000,0x00000003053b1000)]
  0x00007fb9a5813e00 JavaThread "Reference Handler" daemon [_thread_blocked, id=22599, stack(0x00000003059c6000,0x0000000305ac6000)]
  0x00007fb9a580dc00 JavaThread "Finalizer" daemon [_thread_blocked, id=42755, stack(0x0000000305ac9000,0x0000000305bc9000)]
  0x00007fb9a606e600 JavaThread "Signal Dispatcher" daemon [_thread_blocked, id=24067, stack(0x0000000305cdb000,0x0000000305ddb000)]
  0x00007fb9a6063200 JavaThread "Service Thread" daemon [_thread_blocked, id=24835, stack(0x0000000305dde000,0x0000000305ede000)]
  0x00007fb9a606bc00 JavaThread "Monitor Deflation Thread" daemon [_thread_blocked, id=25091, stack(0x0000000305ee1000,0x0000000305fe1000)]
  0x00007fb9a606c200 JavaThread "C2 CompilerThread0" daemon [_thread_blocked, id=25347, stack(0x0000000305fe4000,0x00000003060e4000)]
  0x00007fb9a606c800 JavaThread "C1 CompilerThread0" daemon [_thread_blocked, id=38915, stack(0x00000003060e7000,0x00000003061e7000)]
  0x00007fb985808200 JavaThread "Sweeper thread" daemon [_thread_blocked, id=38403, stack(0x00000003061ea000,0x00000003062ea000)]
  0x00007fb995894600 JavaThread "Notification Thread" daemon [_thread_blocked, id=26175, stack(0x00000003062ed000,0x00000003063ed000)]
  0x00007fb995879400 JavaThread "Common-Cleaner" daemon [_thread_blocked, id=26459, stack(0x00000003064f3000,0x00000003065f3000)]
  0x00007fb9958e7600 JavaThread "AppKit Thread" daemon [_thread_in_native, id=259, stack(0x0000000304a2e000,0x000000030522e000)]
  0x00007fb995a3ec00 JavaThread "AWT-Shutdown" [_thread_blocked, id=85351, stack(0x00000003065f6000,0x00000003066f6000)]

Other Threads:
  0x00007fb9a680b340 VMThread "VM Thread" [stack: 0x00000003058c3000,0x00000003059c3000] [id=43267]
  0x00007fb99571cb70 WatcherThread [stack: 0x00000003063f0000,0x00000003064f0000] [id=37379]
  0x00007fb9a68071d0 GCTaskThread "GC Thread#0" [stack: 0x00000003053b4000,0x00000003054b4000] [id=18691]
  0x00007fb9957042b0 ConcurrentGCThread "G1 Main Marker" [stack: 0x00000003054b7000,0x00000003055b7000] [id=18179]
  0x00007fb995704b40 ConcurrentGCThread "G1 Conc#0" [stack: 0x00000003055ba000,0x00000003056ba000] [id=14083]
  0x00007fb9957073b0 ConcurrentGCThread "G1 Refine#0" [stack: 0x00000003056bd000,0x00000003057bd000] [id=17155]
  0x00007fb9a6807790 ConcurrentGCThread "G1 Service" [stack: 0x00000003057c0000,0x00000003058c0000] [id=16643]

Threads with active compile tasks:

VM state: not at safepoint (normal execution)

VM Mutex/Monitor currently owned by a thread: None

Heap address: 0x0000000780000000, size: 2048 MB, Compressed Oops mode: Zero based, Oop shift amount: 3

CDS archive(s) not mapped
Compressed class space mapped at: 0x0000000800000000-0x0000000840000000, reserved size: 1073741824
Narrow klass base: 0x0000000800000000, Narrow klass shift: 0, Narrow klass range: 0x40000000

GC Precious Log:
 CPUs: 8 total, 8 available
 Memory: 8192M
 Large Page Support: Disabled
 NUMA Support: Disabled
 Compressed Oops: Enabled (Zero based)
 Heap Region Size: 1M
 Heap Min Capacity: 8M
 Heap Initial Capacity: 128M
 Heap Max Capacity: 2G
 Pre-touch: Disabled
 Parallel Workers: 8
 Concurrent Workers: 2
 Concurrent Refinement Workers: 8
 Periodic GC: Disabled

Heap:
 garbage-first heap   total 131072K, used 4096K [0x0000000780000000, 0x0000000800000000)
  region size 1024K, 5 young (5120K), 0 survivors (0K)
 Metaspace       used 8897K, committed 9024K, reserved 1114112K
  class space    used 795K, committed 896K, reserved 1048576K

Heap Regions: E=young(eden), S=young(survivor), O=old, HS=humongous(starts), HC=humongous(continues), CS=collection set, F=free, OA=open archive, CA=closed archive, TAMS=top-at-mark-start (previous, next)
|   0|0x0000000780000000, 0x0000000780000000, 0x0000000780100000|  0%| F|  |TAMS 0x0000000780000000, 0x0000000780000000| Untracked 
|   1|0x0000000780100000, 0x0000000780100000, 0x0000000780200000|  0%| F|  |TAMS 0x0000000780100000, 0x0000000780100000| Untracked 
|   2|0x0000000780200000, 0x0000000780200000, 0x0000000780300000|  0%| F|  |TAMS 0x0000000780200000, 0x0000000780200000| Untracked 
|   3|0x0000000780300000, 0x0000000780300000, 0x0000000780400000|  0%| F|  |TAMS 0x0000000780300000, 0x0000000780300000| Untracked 
|   4|0x0000000780400000, 0x0000000780400000, 0x0000000780500000|  0%| F|  |TAMS 0x0000000780400000, 0x0000000780400000| Untracked 
|   5|0x0000000780500000, 0x0000000780500000, 0x0000000780600000|  0%| F|  |TAMS 0x0000000780500000, 0x0000000780500000| Untracked 
|   6|0x0000000780600000, 0x0000000780600000, 0x0000000780700000|  0%| F|  |TAMS 0x0000000780600000, 0x0000000780600000| Untracked 
|   7|0x0000000780700000, 0x0000000780700000, 0x0000000780800000|  0%| F|  |TAMS 0x0000000780700000, 0x0000000780700000| Untracked 
|   8|0x0000000780800000, 0x0000000780800000, 0x0000000780900000|  0%| F|  |TAMS 0x0000000780800000, 0x0000000780800000| Untracked 
|   9|0x0000000780900000, 0x0000000780900000, 0x0000000780a00000|  0%| F|  |TAMS 0x0000000780900000, 0x0000000780900000| Untracked 
|  10|0x0000000780a00000, 0x0000000780a00000, 0x0000000780b00000|  0%| F|  |TAMS 0x0000000780a00000, 0x0000000780a00000| Untracked 
|  11|0x0000000780b00000, 0x0000000780b00000, 0x0000000780c00000|  0%| F|  |TAMS 0x0000000780b00000, 0x0000000780b00000| Untracked 
|  12|0x0000000780c00000, 0x0000000780c00000, 0x0000000780d00000|  0%| F|  |TAMS 0x0000000780c00000, 0x0000000780c00000| Untracked 
|  13|0x0000000780d00000, 0x0000000780d00000, 0x0000000780e00000|  0%| F|  |TAMS 0x0000000780d00000, 0x0000000780d00000| Untracked 
|  14|0x0000000780e00000, 0x0000000780e00000, 0x0000000780f00000|  0%| F|  |TAMS 0x0000000780e00000, 0x0000000780e00000| Untracked 
|  15|0x0000000780f00000, 0x0000000780f00000, 0x0000000781000000|  0%| F|  |TAMS 0x0000000780f00000, 0x0000000780f00000| Untracked 
|  16|0x0000000781000000, 0x0000000781000000, 0x0000000781100000|  0%| F|  |TAMS 0x0000000781000000, 0x0000000781000000| Untracked 
|  17|0x0000000781100000, 0x0000000781100000, 0x0000000781200000|  0%| F|  |TAMS 0x0000000781100000, 0x0000000781100000| Untracked 
|  18|0x0000000781200000, 0x0000000781200000, 0x0000000781300000|  0%| F|  |TAMS 0x0000000781200000, 0x0000000781200000| Untracked 
|  19|0x0000000781300000, 0x0000000781300000, 0x0000000781400000|  0%| F|  |TAMS 0x0000000781300000, 0x0000000781300000| Untracked 
|  20|0x0000000781400000, 0x0000000781400000, 0x0000000781500000|  0%| F|  |TAMS 0x0000000781400000, 0x0000000781400000| Untracked 
|  21|0x0000000781500000, 0x0000000781500000, 0x0000000781600000|  0%| F|  |TAMS 0x0000000781500000, 0x0000000781500000| Untracked 
|  22|0x0000000781600000, 0x0000000781600000, 0x0000000781700000|  0%| F|  |TAMS 0x0000000781600000, 0x0000000781600000| Untracked 
|  23|0x0000000781700000, 0x0000000781700000, 0x0000000781800000|  0%| F|  |TAMS 0x0000000781700000, 0x0000000781700000| Untracked 
|  24|0x0000000781800000, 0x0000000781800000, 0x0000000781900000|  0%| F|  |TAMS 0x0000000781800000, 0x0000000781800000| Untracked 
|  25|0x0000000781900000, 0x0000000781900000, 0x0000000781a00000|  0%| F|  |TAMS 0x0000000781900000, 0x0000000781900000| Untracked 
|  26|0x0000000781a00000, 0x0000000781a00000, 0x0000000781b00000|  0%| F|  |TAMS 0x0000000781a00000, 0x0000000781a00000| Untracked 
|  27|0x0000000781b00000, 0x0000000781b00000, 0x0000000781c00000|  0%| F|  |TAMS 0x0000000781b00000, 0x0000000781b00000| Untracked 
|  28|0x0000000781c00000, 0x0000000781c00000, 0x0000000781d00000|  0%| F|  |TAMS 0x0000000781c00000, 0x0000000781c00000| Untracked 
|  29|0x0000000781d00000, 0x0000000781d00000, 0x0000000781e00000|  0%| F|  |TAMS 0x0000000781d00000, 0x0000000781d00000| Untracked 
|  30|0x0000000781e00000, 0x0000000781e00000, 0x0000000781f00000|  0%| F|  |TAMS 0x0000000781e00000, 0x0000000781e00000| Untracked 
|  31|0x0000000781f00000, 0x0000000781f00000, 0x0000000782000000|  0%| F|  |TAMS 0x0000000781f00000, 0x0000000781f00000| Untracked 
|  32|0x0000000782000000, 0x0000000782000000, 0x0000000782100000|  0%| F|  |TAMS 0x0000000782000000, 0x0000000782000000| Untracked 
|  33|0x0000000782100000, 0x0000000782100000, 0x0000000782200000|  0%| F|  |TAMS 0x0000000782100000, 0x0000000782100000| Untracked 
|  34|0x0000000782200000, 0x0000000782200000, 0x0000000782300000|  0%| F|  |TAMS 0x0000000782200000, 0x0000000782200000| Untracked 
|  35|0x0000000782300000, 0x0000000782300000, 0x0000000782400000|  0%| F|  |TAMS 0x0000000782300000, 0x0000000782300000| Untracked 
|  36|0x0000000782400000, 0x0000000782400000, 0x0000000782500000|  0%| F|  |TAMS 0x0000000782400000, 0x0000000782400000| Untracked 
|  37|0x0000000782500000, 0x0000000782500000, 0x0000000782600000|  0%| F|  |TAMS 0x0000000782500000, 0x0000000782500000| Untracked 
|  38|0x0000000782600000, 0x0000000782600000, 0x0000000782700000|  0%| F|  |TAMS 0x0000000782600000, 0x0000000782600000| Untracked 
|  39|0x0000000782700000, 0x0000000782700000, 0x0000000782800000|  0%| F|  |TAMS 0x0000000782700000, 0x0000000782700000| Untracked 
|  40|0x0000000782800000, 0x0000000782800000, 0x0000000782900000|  0%| F|  |TAMS 0x0000000782800000, 0x0000000782800000| Untracked 
|  41|0x0000000782900000, 0x0000000782900000, 0x0000000782a00000|  0%| F|  |TAMS 0x0000000782900000, 0x0000000782900000| Untracked 
|  42|0x0000000782a00000, 0x0000000782a00000, 0x0000000782b00000|  0%| F|  |TAMS 0x0000000782a00000, 0x0000000782a00000| Untracked 
|  43|0x0000000782b00000, 0x0000000782b00000, 0x0000000782c00000|  0%| F|  |TAMS 0x0000000782b00000, 0x0000000782b00000| Untracked 
|  44|0x0000000782c00000, 0x0000000782c00000, 0x0000000782d00000|  0%| F|  |TAMS 0x0000000782c00000, 0x0000000782c00000| Untracked 
|  45|0x0000000782d00000, 0x0000000782d00000, 0x0000000782e00000|  0%| F|  |TAMS 0x0000000782d00000, 0x0000000782d00000| Untracked 
|  46|0x0000000782e00000, 0x0000000782e00000, 0x0000000782f00000|  0%| F|  |TAMS 0x0000000782e00000, 0x0000000782e00000| Untracked 
|  47|0x0000000782f00000, 0x0000000782f00000, 0x0000000783000000|  0%| F|  |TAMS 0x0000000782f00000, 0x0000000782f00000| Untracked 
|  48|0x0000000783000000, 0x0000000783000000, 0x0000000783100000|  0%| F|  |TAMS 0x0000000783000000, 0x0000000783000000| Untracked 
|  49|0x0000000783100000, 0x0000000783100000, 0x0000000783200000|  0%| F|  |TAMS 0x0000000783100000, 0x0000000783100000| Untracked 
|  50|0x0000000783200000, 0x0000000783200000, 0x0000000783300000|  0%| F|  |TAMS 0x0000000783200000, 0x0000000783200000| Untracked 
|  51|0x0000000783300000, 0x0000000783300000, 0x0000000783400000|  0%| F|  |TAMS 0x0000000783300000, 0x0000000783300000| Untracked 
|  52|0x0000000783400000, 0x0000000783400000, 0x0000000783500000|  0%| F|  |TAMS 0x0000000783400000, 0x0000000783400000| Untracked 
|  53|0x0000000783500000, 0x0000000783500000, 0x0000000783600000|  0%| F|  |TAMS 0x0000000783500000, 0x0000000783500000| Untracked 
|  54|0x0000000783600000, 0x0000000783600000, 0x0000000783700000|  0%| F|  |TAMS 0x0000000783600000, 0x0000000783600000| Untracked 
|  55|0x0000000783700000, 0x0000000783700000, 0x0000000783800000|  0%| F|  |TAMS 0x0000000783700000, 0x0000000783700000| Untracked 
|  56|0x0000000783800000, 0x0000000783800000, 0x0000000783900000|  0%| F|  |TAMS 0x0000000783800000, 0x0000000783800000| Untracked 
|  57|0x0000000783900000, 0x0000000783900000, 0x0000000783a00000|  0%| F|  |TAMS 0x0000000783900000, 0x0000000783900000| Untracked 
|  58|0x0000000783a00000, 0x0000000783a00000, 0x0000000783b00000|  0%| F|  |TAMS 0x0000000783a00000, 0x0000000783a00000| Untracked 
|  59|0x0000000783b00000, 0x0000000783b00000, 0x0000000783c00000|  0%| F|  |TAMS 0x0000000783b00000, 0x0000000783b00000| Untracked 
|  60|0x0000000783c00000, 0x0000000783c00000, 0x0000000783d00000|  0%| F|  |TAMS 0x0000000783c00000, 0x0000000783c00000| Untracked 
|  61|0x0000000783d00000, 0x0000000783d00000, 0x0000000783e00000|  0%| F|  |TAMS 0x0000000783d00000, 0x0000000783d00000| Untracked 
|  62|0x0000000783e00000, 0x0000000783e00000, 0x0000000783f00000|  0%| F|  |TAMS 0x0000000783e00000, 0x0000000783e00000| Untracked 
|  63|0x0000000783f00000, 0x0000000783f00000, 0x0000000784000000|  0%| F|  |TAMS 0x0000000783f00000, 0x0000000783f00000| Untracked 
|  64|0x0000000784000000, 0x0000000784000000, 0x0000000784100000|  0%| F|  |TAMS 0x0000000784000000, 0x0000000784000000| Untracked 
|  65|0x0000000784100000, 0x0000000784100000, 0x0000000784200000|  0%| F|  |TAMS 0x0000000784100000, 0x0000000784100000| Untracked 
|  66|0x0000000784200000, 0x0000000784200000, 0x0000000784300000|  0%| F|  |TAMS 0x0000000784200000, 0x0000000784200000| Untracked 
|  67|0x0000000784300000, 0x0000000784300000, 0x0000000784400000|  0%| F|  |TAMS 0x0000000784300000, 0x0000000784300000| Untracked 
|  68|0x0000000784400000, 0x0000000784400000, 0x0000000784500000|  0%| F|  |TAMS 0x0000000784400000, 0x0000000784400000| Untracked 
|  69|0x0000000784500000, 0x0000000784500000, 0x0000000784600000|  0%| F|  |TAMS 0x0000000784500000, 0x0000000784500000| Untracked 
|  70|0x0000000784600000, 0x0000000784600000, 0x0000000784700000|  0%| F|  |TAMS 0x0000000784600000, 0x0000000784600000| Untracked 
|  71|0x0000000784700000, 0x0000000784700000, 0x0000000784800000|  0%| F|  |TAMS 0x0000000784700000, 0x0000000784700000| Untracked 
|  72|0x0000000784800000, 0x0000000784800000, 0x0000000784900000|  0%| F|  |TAMS 0x0000000784800000, 0x0000000784800000| Untracked 
|  73|0x0000000784900000, 0x0000000784900000, 0x0000000784a00000|  0%| F|  |TAMS 0x0000000784900000, 0x0000000784900000| Untracked 
|  74|0x0000000784a00000, 0x0000000784a00000, 0x0000000784b00000|  0%| F|  |TAMS 0x0000000784a00000, 0x0000000784a00000| Untracked 
|  75|0x0000000784b00000, 0x0000000784b00000, 0x0000000784c00000|  0%| F|  |TAMS 0x0000000784b00000, 0x0000000784b00000| Untracked 
|  76|0x0000000784c00000, 0x0000000784c00000, 0x0000000784d00000|  0%| F|  |TAMS 0x0000000784c00000, 0x0000000784c00000| Untracked 
|  77|0x0000000784d00000, 0x0000000784d00000, 0x0000000784e00000|  0%| F|  |TAMS 0x0000000784d00000, 0x0000000784d00000| Untracked 
|  78|0x0000000784e00000, 0x0000000784e00000, 0x0000000784f00000|  0%| F|  |TAMS 0x0000000784e00000, 0x0000000784e00000| Untracked 
|  79|0x0000000784f00000, 0x0000000784f00000, 0x0000000785000000|  0%| F|  |TAMS 0x0000000784f00000, 0x0000000784f00000| Untracked 
|  80|0x0000000785000000, 0x0000000785000000, 0x0000000785100000|  0%| F|  |TAMS 0x0000000785000000, 0x0000000785000000| Untracked 
|  81|0x0000000785100000, 0x0000000785100000, 0x0000000785200000|  0%| F|  |TAMS 0x0000000785100000, 0x0000000785100000| Untracked 
|  82|0x0000000785200000, 0x0000000785200000, 0x0000000785300000|  0%| F|  |TAMS 0x0000000785200000, 0x0000000785200000| Untracked 
|  83|0x0000000785300000, 0x0000000785300000, 0x0000000785400000|  0%| F|  |TAMS 0x0000000785300000, 0x0000000785300000| Untracked 
|  84|0x0000000785400000, 0x0000000785400000, 0x0000000785500000|  0%| F|  |TAMS 0x0000000785400000, 0x0000000785400000| Untracked 
|  85|0x0000000785500000, 0x0000000785500000, 0x0000000785600000|  0%| F|  |TAMS 0x0000000785500000, 0x0000000785500000| Untracked 
|  86|0x0000000785600000, 0x0000000785600000, 0x0000000785700000|  0%| F|  |TAMS 0x0000000785600000, 0x0000000785600000| Untracked 
|  87|0x0000000785700000, 0x0000000785700000, 0x0000000785800000|  0%| F|  |TAMS 0x0000000785700000, 0x0000000785700000| Untracked 
|  88|0x0000000785800000, 0x0000000785800000, 0x0000000785900000|  0%| F|  |TAMS 0x0000000785800000, 0x0000000785800000| Untracked 
|  89|0x0000000785900000, 0x0000000785900000, 0x0000000785a00000|  0%| F|  |TAMS 0x0000000785900000, 0x0000000785900000| Untracked 
|  90|0x0000000785a00000, 0x0000000785a00000, 0x0000000785b00000|  0%| F|  |TAMS 0x0000000785a00000, 0x0000000785a00000| Untracked 
|  91|0x0000000785b00000, 0x0000000785b00000, 0x0000000785c00000|  0%| F|  |TAMS 0x0000000785b00000, 0x0000000785b00000| Untracked 
|  92|0x0000000785c00000, 0x0000000785c00000, 0x0000000785d00000|  0%| F|  |TAMS 0x0000000785c00000, 0x0000000785c00000| Untracked 
|  93|0x0000000785d00000, 0x0000000785d00000, 0x0000000785e00000|  0%| F|  |TAMS 0x0000000785d00000, 0x0000000785d00000| Untracked 
|  94|0x0000000785e00000, 0x0000000785e00000, 0x0000000785f00000|  0%| F|  |TAMS 0x0000000785e00000, 0x0000000785e00000| Untracked 
|  95|0x0000000785f00000, 0x0000000785f00000, 0x0000000786000000|  0%| F|  |TAMS 0x0000000785f00000, 0x0000000785f00000| Untracked 
|  96|0x0000000786000000, 0x0000000786000000, 0x0000000786100000|  0%| F|  |TAMS 0x0000000786000000, 0x0000000786000000| Untracked 
|  97|0x0000000786100000, 0x0000000786100000, 0x0000000786200000|  0%| F|  |TAMS 0x0000000786100000, 0x0000000786100000| Untracked 
|  98|0x0000000786200000, 0x0000000786200000, 0x0000000786300000|  0%| F|  |TAMS 0x0000000786200000, 0x0000000786200000| Untracked 
|  99|0x0000000786300000, 0x0000000786300000, 0x0000000786400000|  0%| F|  |TAMS 0x0000000786300000, 0x0000000786300000| Untracked 
| 100|0x0000000786400000, 0x0000000786400000, 0x0000000786500000|  0%| F|  |TAMS 0x0000000786400000, 0x0000000786400000| Untracked 
| 101|0x0000000786500000, 0x0000000786500000, 0x0000000786600000|  0%| F|  |TAMS 0x0000000786500000, 0x0000000786500000| Untracked 
| 102|0x0000000786600000, 0x0000000786600000, 0x0000000786700000|  0%| F|  |TAMS 0x0000000786600000, 0x0000000786600000| Untracked 
| 103|0x0000000786700000, 0x0000000786700000, 0x0000000786800000|  0%| F|  |TAMS 0x0000000786700000, 0x0000000786700000| Untracked 
| 104|0x0000000786800000, 0x0000000786800000, 0x0000000786900000|  0%| F|  |TAMS 0x0000000786800000, 0x0000000786800000| Untracked 
| 105|0x0000000786900000, 0x0000000786900000, 0x0000000786a00000|  0%| F|  |TAMS 0x0000000786900000, 0x0000000786900000| Untracked 
| 106|0x0000000786a00000, 0x0000000786a00000, 0x0000000786b00000|  0%| F|  |TAMS 0x0000000786a00000, 0x0000000786a00000| Untracked 
| 107|0x0000000786b00000, 0x0000000786b00000, 0x0000000786c00000|  0%| F|  |TAMS 0x0000000786b00000, 0x0000000786b00000| Untracked 
| 108|0x0000000786c00000, 0x0000000786c00000, 0x0000000786d00000|  0%| F|  |TAMS 0x0000000786c00000, 0x0000000786c00000| Untracked 
| 109|0x0000000786d00000, 0x0000000786d00000, 0x0000000786e00000|  0%| F|  |TAMS 0x0000000786d00000, 0x0000000786d00000| Untracked 
| 110|0x0000000786e00000, 0x0000000786e00000, 0x0000000786f00000|  0%| F|  |TAMS 0x0000000786e00000, 0x0000000786e00000| Untracked 
| 111|0x0000000786f00000, 0x0000000786f00000, 0x0000000787000000|  0%| F|  |TAMS 0x0000000786f00000, 0x0000000786f00000| Untracked 
| 112|0x0000000787000000, 0x0000000787000000, 0x0000000787100000|  0%| F|  |TAMS 0x0000000787000000, 0x0000000787000000| Untracked 
| 113|0x0000000787100000, 0x0000000787100000, 0x0000000787200000|  0%| F|  |TAMS 0x0000000787100000, 0x0000000787100000| Untracked 
| 114|0x0000000787200000, 0x0000000787200000, 0x0000000787300000|  0%| F|  |TAMS 0x0000000787200000, 0x0000000787200000| Untracked 
| 115|0x0000000787300000, 0x0000000787300000, 0x0000000787400000|  0%| F|  |TAMS 0x0000000787300000, 0x0000000787300000| Untracked 
| 116|0x0000000787400000, 0x0000000787400000, 0x0000000787500000|  0%| F|  |TAMS 0x0000000787400000, 0x0000000787400000| Untracked 
| 117|0x0000000787500000, 0x0000000787500000, 0x0000000787600000|  0%| F|  |TAMS 0x0000000787500000, 0x0000000787500000| Untracked 
| 118|0x0000000787600000, 0x0000000787600000, 0x0000000787700000|  0%| F|  |TAMS 0x0000000787600000, 0x0000000787600000| Untracked 
| 119|0x0000000787700000, 0x0000000787700000, 0x0000000787800000|  0%| F|  |TAMS 0x0000000787700000, 0x0000000787700000| Untracked 
| 120|0x0000000787800000, 0x0000000787800000, 0x0000000787900000|  0%| F|  |TAMS 0x0000000787800000, 0x0000000787800000| Untracked 
| 121|0x0000000787900000, 0x0000000787900000, 0x0000000787a00000|  0%| F|  |TAMS 0x0000000787900000, 0x0000000787900000| Untracked 
| 122|0x0000000787a00000, 0x0000000787a00000, 0x0000000787b00000|  0%| F|  |TAMS 0x0000000787a00000, 0x0000000787a00000| Untracked 
| 123|0x0000000787b00000, 0x0000000787b7a550, 0x0000000787c00000| 47%| E|  |TAMS 0x0000000787b00000, 0x0000000787b00000| Complete 
| 124|0x0000000787c00000, 0x0000000787d00000, 0x0000000787d00000|100%| E|CS|TAMS 0x0000000787c00000, 0x0000000787c00000| Complete 
| 125|0x0000000787d00000, 0x0000000787e00000, 0x0000000787e00000|100%| E|CS|TAMS 0x0000000787d00000, 0x0000000787d00000| Complete 
| 126|0x0000000787e00000, 0x0000000787f00000, 0x0000000787f00000|100%| E|CS|TAMS 0x0000000787e00000, 0x0000000787e00000| Complete 
| 127|0x0000000787f00000, 0x0000000788000000, 0x0000000788000000|100%| E|CS|TAMS 0x0000000787f00000, 0x0000000787f00000| Complete 

Card table byte_map: [0x00000001095a3000,0x00000001099a3000] _byte_map_base: 0x00000001059a3000

Marking Bits (Prev, Next): (CMBitMap*) 0x00007fb995808210, (CMBitMap*) 0x00007fb995808250
 Prev Bits: [0x000000011ee8f000, 0x0000000120e8f000)
 Next Bits: [0x0000000120e8f000, 0x0000000122e8f000)

Polling page: 0x00000001007f3000

Metaspace:

Usage:
  Non-class:      7.91 MB used.
      Class:    795.23 KB used.
       Both:      8.69 MB used.

Virtual space:
  Non-class space:       64.00 MB reserved,       7.94 MB ( 12%) committed,  1 nodes.
      Class space:        1.00 GB reserved,     896.00 KB ( <1%) committed,  1 nodes.
             Both:        1.06 GB reserved,       8.81 MB ( <1%) committed. 

Chunk freelists:
   Non-Class:  8.00 MB
       Class:  15.08 MB
        Both:  23.08 MB

MaxMetaspaceSize: unlimited
CompressedClassSpaceSize: 1.00 GB
Initial GC threshold: 21.00 MB
Current GC threshold: 21.00 MB
CDS: off
MetaspaceReclaimPolicy: balanced
 - commit_granule_bytes: 65536.
 - commit_granule_words: 8192.
 - virtual_space_node_default_size: 8388608.
 - enlarge_chunks_in_place: 1.
 - new_chunks_are_fully_committed: 0.
 - uncommit_free_chunks: 1.
 - use_allocation_guard: 0.
 - handle_deallocations: 1.


Internal statistics:

num_allocs_failed_limit: 0.
num_arena_births: 48.
num_arena_deaths: 0.
num_vsnodes_births: 2.
num_vsnodes_deaths: 0.
num_space_committed: 141.
num_space_uncommitted: 0.
num_chunks_returned_to_freelist: 0.
num_chunks_taken_from_freelist: 96.
num_chunk_merges: 0.
num_chunk_splits: 55.
num_chunks_enlarged: 31.
num_inconsistent_stats: 0.

CodeHeap 'non-profiled nmethods': size=120028Kb used=124Kb max_used=124Kb free=119903Kb
 bounds [0x0000000117958000, 0x0000000117bc8000, 0x000000011ee8f000]
CodeHeap 'profiled nmethods': size=120028Kb used=664Kb max_used=664Kb free=119364Kb
 bounds [0x000000010fe8f000, 0x00000001100ff000, 0x00000001173c6000]
CodeHeap 'non-nmethods': size=5704Kb used=1111Kb max_used=1126Kb free=4592Kb
 bounds [0x00000001173c6000, 0x0000000117636000, 0x0000000117958000]
 total_blobs=843 nmethods=444 adapters=314
 compilation: enabled
              stopped_count=0, restarted_count=0
 full_count=0

Compilation events (20 events):
Event: 0.522 Thread 0x00007fb9a606c200  438       4       java.lang.StringLatin1::indexOf (121 bytes)
Event: 0.522 Thread 0x00007fb9a606c800  435       1       java.lang.reflect.Field::getType (5 bytes)
Event: 0.523 Thread 0x00007fb9a606c800 nmethod 435 0x0000000117975d90 code [0x0000000117975f20, 0x0000000117975ff0]
Event: 0.523 Thread 0x00007fb9a606c800  436       3       java.lang.reflect.Modifier::isPublic (12 bytes)
Event: 0.523 Thread 0x00007fb9a606c800 nmethod 436 0x000000010ff33a10 code [0x000000010ff33ba0, 0x000000010ff33cf0]
Event: 0.523 Thread 0x00007fb9a606c800  437       1       java.lang.reflect.Field::getRoot (5 bytes)
Event: 0.523 Thread 0x00007fb9a606c800 nmethod 437 0x0000000117976090 code [0x0000000117976220, 0x00000001179762f0]
Event: 0.523 Thread 0x00007fb9a606c800  439       1       java.lang.reflect.Method::getName (5 bytes)
Event: 0.523 Thread 0x00007fb9a606c800 nmethod 439 0x0000000117976390 code [0x0000000117976520, 0x00000001179765f0]
Event: 0.524 Thread 0x00007fb9a606c800  440       3       java.io.InputStream::<init> (5 bytes)
Event: 0.524 Thread 0x00007fb9a606c800 nmethod 440 0x000000010ff33d90 code [0x000000010ff33f40, 0x000000010ff34090]
Event: 0.524 Thread 0x00007fb9a606c800  441       3       java.lang.Short::<init> (10 bytes)
Event: 0.524 Thread 0x00007fb9a606c800 nmethod 441 0x000000010ff34190 code [0x000000010ff34340, 0x000000010ff34510]
Event: 0.524 Thread 0x00007fb9a606c800  442       3       java.lang.Integer::valueOf (32 bytes)
Event: 0.525 Thread 0x00007fb9a606c800 nmethod 442 0x000000010ff34610 code [0x000000010ff347e0, 0x000000010ff34af0]
Event: 0.525 Thread 0x00007fb9a606c800  443       3       java.nio.Buffer::remaining (20 bytes)
Event: 0.526 Thread 0x00007fb9a606c800 nmethod 443 0x000000010ff34c10 code [0x000000010ff34dc0, 0x000000010ff34f50]
Event: 0.527 Thread 0x00007fb9a606c200 nmethod 438 0x0000000117976690 code [0x0000000117976820, 0x0000000117976b38]
Event: 0.527 Thread 0x00007fb9a606c200  444       4       java.lang.String::indexOf (7 bytes)
Event: 0.528 Thread 0x00007fb9a606c200 nmethod 444 0x0000000117976d90 code [0x0000000117976f20, 0x0000000117977098]

GC Heap History (0 events):
No events

Dll operation events (11 events):
Event: 0.005 Loaded shared library /Users/shu-yelin/.p2/pool/plugins/org.eclipse.justj.openjdk.hotspot.jre.full.macosx.x86_64_17.0.10.v20240120-1143/jre/lib/libjava.dylib
Event: 0.100 Loaded shared library /Users/shu-yelin/.p2/pool/plugins/org.eclipse.justj.openjdk.hotspot.jre.full.macosx.x86_64_17.0.10.v20240120-1143/jre/lib/libnio.dylib
Event: 0.105 Loaded shared library /Users/shu-yelin/.p2/pool/plugins/org.eclipse.justj.openjdk.hotspot.jre.full.macosx.x86_64_17.0.10.v20240120-1143/jre/lib/libzip.dylib
Event: 0.128 Loaded shared library /Users/shu-yelin/.p2/pool/plugins/org.eclipse.justj.openjdk.hotspot.jre.full.macosx.x86_64_17.0.10.v20240120-1143/jre/lib/libverify.dylib
Event: 0.203 Loaded shared library /Users/shu-yelin/.p2/pool/plugins/org.eclipse.justj.openjdk.hotspot.jre.full.macosx.x86_64_17.0.10.v20240120-1143/jre/lib/libjimage.dylib
Event: 0.208 Loaded shared library /Users/shu-yelin/.p2/pool/plugins/org.eclipse.justj.openjdk.hotspot.jre.full.macosx.x86_64_17.0.10.v20240120-1143/jre/lib/libawt.dylib
Event: 0.215 Loaded shared library /Users/shu-yelin/.p2/pool/plugins/org.eclipse.justj.openjdk.hotspot.jre.full.macosx.x86_64_17.0.10.v20240120-1143/jre/lib/libawt_lwawt.dylib
Event: 0.258 Loaded shared library /Users/shu-yelin/.p2/pool/plugins/org.eclipse.justj.openjdk.hotspot.jre.full.macosx.x86_64_17.0.10.v20240120-1143/jre/lib/libfontmanager.dylib
Event: 0.410 Loading shared library /Users/shu-yelin/.p2/pool/plugins/org.eclipse.justj.openjdk.hotspot.jre.full.macosx.x86_64_17.0.10.v20240120-1143/jre/lib/liblwjgl.dylib failed, dlopen(/Users/shu-yelin/.p2/pool/plugins/org.eclipse.justj.openjdk.hotspot.jre.full.mac
Event: 0.410 Loading shared library /Users/shu-yelin/.p2/pool/plugins/org.eclipse.justj.openjdk.hotspot.jre.full.macosx.x86_64_17.0.10.v20240120-1143/jre/lib/liblwjgl.jnilib failed, dlopen(/Users/shu-yelin/.p2/pool/plugins/org.eclipse.justj.openjdk.hotspot.jre.full.ma
Event: 0.414 Loaded shared library /Users/shu-yelin/Documents/GitHub/Debuggies/Debuggies/libs/natives/liblwjgl.dylib

Deoptimization events (4 events):
Event: 0.518 Thread 0x00007fb9a6008e00 Uncommon trap: trap_request=0xffffff6e fr.pc=0x0000000117974c30 relative=0x0000000000000410
Event: 0.518 Thread 0x00007fb9a6008e00 Uncommon trap: reason=loop_limit_check action=maybe_recompile pc=0x0000000117974c30 method=java.lang.StringLatin1.indexOf([BI[BII)I @ 37 c2
Event: 0.518 Thread 0x00007fb9a6008e00 DEOPT PACKING pc=0x0000000117974c30 sp=0x00000003053af660
Event: 0.518 Thread 0x00007fb9a6008e00 DEOPT UNPACKING pc=0x000000011741c693 sp=0x00000003053af5e0 mode 2

Classes unloaded (0 events):
No events

Classes redefined (0 events):
No events

Internal exceptions (5 events):
Event: 0.193 Thread 0x00007fb9a6008e00 Exception <a 'java/lang/ClassNotFoundException'{0x0000000787d0ffe0}: sun/awt/resources/spi/awtProvider> (0x0000000787d0ffe0) 
thrown [src/hotspot/share/classfile/systemDictionary.cpp, line 256]
Event: 0.233 Thread 0x00007fb9a6008e00 Exception <a 'java/io/FileNotFoundException'{0x0000000787d6c0a0}> (0x0000000787d6c0a0) 
thrown [src/hotspot/share/prims/jni.cpp, line 516]
Event: 0.251 Thread 0x00007fb9a6008e00 Exception <a 'java/io/FileNotFoundException'{0x0000000787d99200}> (0x0000000787d99200) 
thrown [src/hotspot/share/prims/jni.cpp, line 516]
Event: 0.252 Thread 0x00007fb9a6008e00 Exception <a 'java/lang/NoSuchMethodError'{0x0000000787d9a8d8}: 'java.lang.Object java.lang.invoke.DirectMethodHandle$Holder.invokeStaticInit(java.lang.Object)'> (0x0000000787d9a8d8) 
thrown [src/hotspot/share/interpreter/linkResolver.cpp, line 759]
Event: 0.255 Thread 0x00007fb9a6008e00 Exception <a 'java/lang/ClassNotFoundException'{0x0000000787da4b98}: sun/awt/resources/spi/awtosxProvider> (0x0000000787da4b98) 
thrown [src/hotspot/share/classfile/systemDictionary.cpp, line 256]

VM Operations (6 events):
Event: 0.116 Executing VM operation: HandshakeAllThreads
Event: 0.116 Executing VM operation: HandshakeAllThreads done
Event: 0.163 Executing VM operation: HandshakeAllThreads
Event: 0.163 Executing VM operation: HandshakeAllThreads done
Event: 0.425 Executing VM operation: HandshakeAllThreads
Event: 0.425 Executing VM operation: HandshakeAllThreads done

Events (20 events):
Event: 0.516 loading class java/awt/image/WritableRenderedImage done
Event: 0.516 loading class java/awt/Transparency
Event: 0.516 loading class java/awt/Transparency done
Event: 0.516 loading class java/awt/image/BufferedImage done
Event: 0.516 loading class java/awt/IllegalComponentStateException
Event: 0.516 loading class java/awt/IllegalComponentStateException done
Event: 0.516 loading class java/awt/GraphicsConfiguration
Event: 0.516 loading class java/awt/GraphicsConfiguration done
Event: 0.516 loading class java/awt/Point
Event: 0.516 loading class java/awt/geom/Point2D
Event: 0.517 loading class java/awt/geom/Point2D done
Event: 0.517 loading class java/awt/Point done
Event: 0.519 loading class java/util/LinkedHashSet
Event: 0.519 loading class java/util/LinkedHashSet done
Event: 0.520 loading class jdk/internal/reflect/UnsafeQualifiedStaticIntegerFieldAccessorImpl
Event: 0.520 loading class jdk/internal/reflect/UnsafeQualifiedStaticIntegerFieldAccessorImpl done
Event: 0.524 loading class java/lang/Short$ShortCache
Event: 0.524 loading class java/lang/Short$ShortCache done
Event: 0.527 loading class java/lang/NumberFormatException
Event: 0.527 loading class java/lang/NumberFormatException done


Dynamic libraries:
0x0000000108e33000 	/Users/shu-yelin/.p2/pool/plugins/org.eclipse.justj.openjdk.hotspot.jre.full.macosx.x86_64_17.0.10.v20240120-1143/jre/lib/libjli.dylib
0x00007ff819566000 	/System/Library/Frameworks/Cocoa.framework/Versions/A/Cocoa
0x00007ff804c4d000 	/System/Library/Frameworks/AppKit.framework/Versions/C/AppKit
0x00007ff8081be000 	/System/Library/Frameworks/CoreData.framework/Versions/A/CoreData
0x00007ff803051000 	/System/Library/Frameworks/Foundation.framework/Versions/C/Foundation
0x00007ff80d43b000 	/usr/lib/libSystem.B.dylib
0x00007ff805adc000 	/System/Library/PrivateFrameworks/UIFoundation.framework/Versions/A/UIFoundation
0x00007ff813468000 	/System/Library/PrivateFrameworks/RemoteViewServices.framework/Versions/A/RemoteViewServices
0x00007ff80b707000 	/System/Library/PrivateFrameworks/XCTTargetBootstrap.framework/Versions/A/XCTTargetBootstrap
0x00007ff80f300000 	/System/Library/PrivateFrameworks/InternationalSupport.framework/Versions/A/InternationalSupport
0x00007ff80f38a000 	/System/Library/PrivateFrameworks/UserActivity.framework/Versions/A/UserActivity
0x00007ff80e6e4000 	/usr/lib/libspindump.dylib
0x00007ff805d6a000 	/System/Library/Frameworks/UniformTypeIdentifiers.framework/Versions/A/UniformTypeIdentifiers
0x00007ff809e2c000 	/usr/lib/libapp_launch_measurement.dylib
0x00007ff808b9f000 	/System/Library/PrivateFrameworks/CoreAnalytics.framework/Versions/A/CoreAnalytics
0x00007ff809e2f000 	/System/Library/PrivateFrameworks/CoreAutoLayout.framework/Versions/A/CoreAutoLayout
0x00007ff80b05e000 	/System/Library/Frameworks/Metal.framework/Versions/A/Metal
0x00007ff80bd8d000 	/usr/lib/liblangid.dylib
0x00007ff80b70c000 	/System/Library/PrivateFrameworks/CoreSVG.framework/Versions/A/CoreSVG
0x00007ff807155000 	/System/Library/PrivateFrameworks/SkyLight.framework/Versions/A/SkyLight
0x00007ff8074f3000 	/System/Library/Frameworks/CoreGraphics.framework/Versions/A/CoreGraphics
0x00007ff813b28000 	/System/Library/Frameworks/Accelerate.framework/Versions/A/Accelerate
0x00007ff80e163000 	/System/Library/PrivateFrameworks/IconServices.framework/Versions/A/IconServices
0x00007ff80b043000 	/System/Library/Frameworks/IOSurface.framework/Versions/A/IOSurface
0x00007ff808bcd000 	/usr/lib/libDiagnosticMessagesClient.dylib
0x00007ff80d355000 	/usr/lib/libz.1.dylib
0x00007ff81720a000 	/System/Library/Frameworks/ApplicationServices.framework/Versions/A/ApplicationServices
0x00007ff80b6f3000 	/System/Library/PrivateFrameworks/DFRFoundation.framework/Versions/A/DFRFoundation
0x00007ff804535000 	/usr/lib/libicucore.A.dylib
0x00007ff8100f5000 	/System/Library/Frameworks/AudioToolbox.framework/Versions/A/AudioToolbox
0x00007ff80f30c000 	/System/Library/PrivateFrameworks/DataDetectorsCore.framework/Versions/A/DataDetectorsCore
0x00007ff90b566000 	/System/Library/PrivateFrameworks/TextInput.framework/Versions/A/TextInput
0x00007ff8070d8000 	/usr/lib/libMobileGestalt.dylib
0x00007ff80b3ff000 	/System/Library/Frameworks/Carbon.framework/Versions/A/Frameworks/HIToolbox.framework/Versions/A/HIToolbox
0x00007ff809832000 	/System/Library/Frameworks/QuartzCore.framework/Versions/A/QuartzCore
0x00007ff8041da000 	/System/Library/Frameworks/Security.framework/Versions/A/Security
0x00007ff8134a0000 	/System/Library/Frameworks/Carbon.framework/Versions/A/Frameworks/SpeechRecognition.framework/Versions/A/SpeechRecognition
0x00007ff809b8c000 	/System/Library/PrivateFrameworks/CoreUI.framework/Versions/A/CoreUI
0x00007ff803aa5000 	/System/Library/Frameworks/CoreAudio.framework/Versions/A/CoreAudio
0x00007ff808cbc000 	/System/Library/Frameworks/DiskArbitration.framework/Versions/A/DiskArbitration
0x00007ff80ead0000 	/System/Library/PrivateFrameworks/MultitouchSupport.framework/Versions/A/MultitouchSupport
0x00007ff8070d7000 	/usr/lib/libenergytrace.dylib
0x00007ff804b39000 	/System/Library/Frameworks/IOKit.framework/Versions/A/IOKit
0x00007ff813890000 	/System/Library/Frameworks/CoreServices.framework/Versions/A/CoreServices
0x00007ff809dc6000 	/System/Library/PrivateFrameworks/PerformanceAnalysis.framework/Versions/A/PerformanceAnalysis
0x00007ffa1b03f000 	/System/Library/Frameworks/OpenGL.framework/Versions/A/OpenGL
0x00007ff80c971000 	/System/Library/PrivateFrameworks/MobileKeyBag.framework/Versions/A/MobileKeyBag
0x00007ff8020e2000 	/usr/lib/libobjc.A.dylib
0x00007ff807c1d000 	/System/Library/Frameworks/ColorSync.framework/Versions/A/ColorSync
0x00007ff80229c000 	/System/Library/Frameworks/CoreFoundation.framework/Versions/A/CoreFoundation
0x00007ff80b983000 	/System/Library/Frameworks/CoreImage.framework/Versions/A/CoreImage
0x00007ff8038b9000 	/System/Library/Frameworks/CoreText.framework/Versions/A/CoreText
0x00007ff80b73c000 	/System/Library/Frameworks/ImageIO.framework/Versions/A/ImageIO
0x00007ff80d441000 	/System/Library/PrivateFrameworks/SoftLinking.framework/Versions/A/SoftLinking
0x00007ff809e77000 	/usr/lib/libxml2.2.dylib
0x00007ff8021a8000 	/usr/lib/libc++.1.dylib
0x00007ff80d6c2000 	/usr/lib/libcompression.dylib
0x00007ff80f233000 	/System/Library/PrivateFrameworks/TextureIO.framework/Versions/A/TextureIO
0x00007ff80dddc000 	/usr/lib/libate.dylib
0x00007ff80d436000 	/usr/lib/system/libcache.dylib
0x00007ff80d3f2000 	/usr/lib/system/libcommonCrypto.dylib
0x00007ff80d41b000 	/usr/lib/system/libcompiler_rt.dylib
0x00007ff80d411000 	/usr/lib/system/libcopyfile.dylib
0x00007ff801fdd000 	/usr/lib/system/libcorecrypto.dylib
0x00007ff80209b000 	/usr/lib/system/libdispatch.dylib
0x00007ff80225b000 	/usr/lib/system/libdyld.dylib
0x00007ff80d42d000 	/usr/lib/system/libkeymgr.dylib
0x00007ff80d3d0000 	/usr/lib/system/libmacho.dylib
0x00007ff80ca4b000 	/usr/lib/system/libquarantine.dylib
0x00007ff80d42b000 	/usr/lib/system/libremovefile.dylib
0x00007ff807125000 	/usr/lib/system/libsystem_asl.dylib
0x00007ff801f86000 	/usr/lib/system/libsystem_blocks.dylib
0x00007ff80211f000 	/usr/lib/system/libsystem_c.dylib
0x00007ff80d423000 	/usr/lib/system/libsystem_collections.dylib
0x00007ff80bd7d000 	/usr/lib/system/libsystem_configuration.dylib
0x00007ff80b026000 	/usr/lib/system/libsystem_containermanager.dylib
0x00007ff80d102000 	/usr/lib/system/libsystem_coreservices.dylib
0x00007ff8047c9000 	/usr/lib/system/libsystem_darwin.dylib
0x00007ff80d42e000 	/usr/lib/system/libsystem_dnssd.dylib
0x00007ff80211c000 	/usr/lib/system/libsystem_featureflags.dylib
0x00007ff802271000 	/usr/lib/system/libsystem_info.dylib
0x00007ff80d368000 	/usr/lib/system/libsystem_m.dylib
0x00007ff80206f000 	/usr/lib/system/libsystem_malloc.dylib
0x00007ff8070c0000 	/usr/lib/system/libsystem_networkextension.dylib
0x00007ff804bef000 	/usr/lib/system/libsystem_notify.dylib
0x00007ff813765000 	/usr/lib/system/libsystem_product_info_filter.dylib
0x00007ff80bd81000 	/usr/lib/system/libsystem_sandbox.dylib
0x00007ff80d428000 	/usr/lib/system/libsystem_secinit.dylib
0x00007ff802217000 	/usr/lib/system/libsystem_kernel.dylib
0x00007ff802267000 	/usr/lib/system/libsystem_platform.dylib
0x00007ff80224f000 	/usr/lib/system/libsystem_pthread.dylib
0x00007ff8089df000 	/usr/lib/system/libsystem_symptoms.dylib
0x00007ff801fc4000 	/usr/lib/system/libsystem_trace.dylib
0x00007ff80d3fe000 	/usr/lib/system/libunwind.dylib
0x00007ff801f88000 	/usr/lib/system/libxpc.dylib
0x00007ff802201000 	/usr/lib/libc++abi.dylib
0x00007ff80d409000 	/usr/lib/liboah.dylib
0x00007ff80db9a000 	/usr/lib/liblzma.5.dylib
0x00007ff802d60000 	/System/Library/Frameworks/SystemConfiguration.framework/Versions/A/SystemConfiguration
0x00007ff80d43d000 	/usr/lib/libfakelink.dylib
0x00007ff806c31000 	/System/Library/Frameworks/CFNetwork.framework/Versions/A/CFNetwork
0x00007ff80d57e000 	/usr/lib/libarchive.2.dylib
0x00007ff80bd89000 	/System/Library/PrivateFrameworks/AppleSystemInfo.framework/Versions/A/AppleSystemInfo
0x00007ff80ca72000 	/usr/lib/libbsm.0.dylib
0x00007ff806240000 	/usr/lib/libnetwork.dylib
0x00007ff80d3d6000 	/usr/lib/system/libkxld.dylib
0x00007ff80c6a5000 	/System/Library/PrivateFrameworks/IOMobileFramebuffer.framework/Versions/A/IOMobileFramebuffer
0x00007ffb1a95f000 	/usr/lib/libCoreEntitlements.dylib
0x00007ff80d0e4000 	/System/Library/PrivateFrameworks/AppleFSCompression.framework/Versions/A/AppleFSCompression
0x00007ff80ca5a000 	/usr/lib/libcoretls.dylib
0x00007ff80dbb4000 	/usr/lib/libcoretls_cfhelpers.dylib
0x00007ff80d6bd000 	/usr/lib/libpam.2.dylib
0x00007ff808602000 	/usr/lib/libsqlite3.dylib
0x00007ff80dc23000 	/usr/lib/libxar.1.dylib
0x00007ff80d0f4000 	/usr/lib/libbz2.1.0.dylib
0x00007ff80d442000 	/usr/lib/libpcap.A.dylib
0x00007ff8089d7000 	/usr/lib/libdns_services.dylib
0x00007ff80d690000 	/usr/lib/libapple_nghttp2.dylib
0x00007ff80d47c000 	/usr/lib/libiconv.2.dylib
0x00007ff80d3cf000 	/usr/lib/libcharset.1.dylib
0x00007ff809dfa000 	/System/Library/Frameworks/CoreServices.framework/Versions/A/Frameworks/FSEvents.framework/Versions/A/FSEvents
0x00007ff8047d3000 	/System/Library/Frameworks/CoreServices.framework/Versions/A/Frameworks/CarbonCore.framework/Versions/A/CarbonCore
0x00007ff808c20000 	/System/Library/Frameworks/CoreServices.framework/Versions/A/Frameworks/Metadata.framework/Versions/A/Metadata
0x00007ff80d107000 	/System/Library/Frameworks/CoreServices.framework/Versions/A/Frameworks/OSServices.framework/Versions/A/OSServices
0x00007ff80d605000 	/System/Library/Frameworks/CoreServices.framework/Versions/A/Frameworks/SearchKit.framework/Versions/A/SearchKit
0x00007ff80896a000 	/System/Library/Frameworks/CoreServices.framework/Versions/A/Frameworks/AE.framework/Versions/A/AE
0x00007ff80279d000 	/System/Library/Frameworks/CoreServices.framework/Versions/A/Frameworks/LaunchServices.framework/Versions/A/LaunchServices
0x00007ff80db4b000 	/System/Library/Frameworks/CoreServices.framework/Versions/A/Frameworks/DictionaryServices.framework/Versions/A/DictionaryServices
0x00007ff809e07000 	/System/Library/Frameworks/CoreServices.framework/Versions/A/Frameworks/SharedFileList.framework/Versions/A/SharedFileList
0x00007ff80ca4e000 	/usr/lib/libCheckFix.dylib
0x00007ff80713c000 	/System/Library/PrivateFrameworks/TCC.framework/Versions/A/TCC
0x00007ff80bd8f000 	/System/Library/PrivateFrameworks/CoreNLP.framework/Versions/A/CoreNLP
0x00007ff808bd0000 	/System/Library/PrivateFrameworks/MetadataUtilities.framework/Versions/A/MetadataUtilities
0x00007ff802e14000 	/usr/lib/libmecabra.dylib
0x00007ff80ca82000 	/usr/lib/libmecab.dylib
0x00007ff802ddf000 	/usr/lib/libCRFSuite.dylib
0x00007ff80cadc000 	/usr/lib/libgermantok.dylib
0x00007ff80d66b000 	/usr/lib/libThaiTokenizer.dylib
0x00007ff808cc3000 	/System/Library/Frameworks/Accelerate.framework/Versions/A/Frameworks/vImage.framework/Versions/A/vImage
0x00007ff813867000 	/System/Library/Frameworks/Accelerate.framework/Versions/A/Frameworks/vecLib.framework/Versions/A/vecLib
0x00007ff80dc64000 	/System/Library/Frameworks/Accelerate.framework/Versions/A/Frameworks/vecLib.framework/Versions/A/libvMisc.dylib
0x00007ff80c4a4000 	/System/Library/Frameworks/Accelerate.framework/Versions/A/Frameworks/vecLib.framework/Versions/A/libvDSP.dylib
0x00007ff802b18000 	/System/Library/Frameworks/Accelerate.framework/Versions/A/Frameworks/vecLib.framework/Versions/A/libBLAS.dylib
0x00007ff80d7a0000 	/System/Library/Frameworks/Accelerate.framework/Versions/A/Frameworks/vecLib.framework/Versions/A/libLAPACK.dylib
0x00007ff80cadf000 	/System/Library/Frameworks/Accelerate.framework/Versions/A/Frameworks/vecLib.framework/Versions/A/libLinearAlgebra.dylib
0x00007ff80d6a8000 	/System/Library/Frameworks/Accelerate.framework/Versions/A/Frameworks/vecLib.framework/Versions/A/libSparseBLAS.dylib
0x00007ff80d79a000 	/System/Library/Frameworks/Accelerate.framework/Versions/A/Frameworks/vecLib.framework/Versions/A/libQuadrature.dylib
0x00007ff80be7a000 	/System/Library/Frameworks/Accelerate.framework/Versions/A/Frameworks/vecLib.framework/Versions/A/libBNNS.dylib
0x00007ff802cea000 	/System/Library/Frameworks/Accelerate.framework/Versions/A/Frameworks/vecLib.framework/Versions/A/libSparse.dylib
0x00007ff80be73000 	/System/Library/PrivateFrameworks/LinguisticData.framework/Versions/A/LinguisticData
0x00007ff802ca0000 	/System/Library/PrivateFrameworks/Lexicon.framework/Versions/A/Lexicon
0x00007ff80dc5d000 	/usr/lib/libChineseTokenizer.dylib
0x00007ff80340e000 	/System/Library/PrivateFrameworks/LanguageModeling.framework/Versions/A/LanguageModeling
0x00007ff80d66d000 	/System/Library/PrivateFrameworks/AppleSauce.framework/Versions/A/AppleSauce
0x00007ff80c693000 	/System/Library/PrivateFrameworks/CoreEmoji.framework/Versions/A/CoreEmoji
0x00007ff80d56d000 	/usr/lib/libcmph.dylib
0x00007ff809dde000 	/System/Library/Frameworks/OpenDirectory.framework/Versions/A/Frameworks/CFOpenDirectory.framework/Versions/A/CFOpenDirectory
0x00007ff809dd2000 	/System/Library/Frameworks/OpenDirectory.framework/Versions/A/OpenDirectory
0x00007ff80dbb6000 	/System/Library/PrivateFrameworks/APFS.framework/Versions/A/APFS
0x00007ff80c9a9000 	/System/Library/Frameworks/SecurityFoundation.framework/Versions/A/SecurityFoundation
0x00007ff80dc31000 	/usr/lib/libutil.dylib
0x00007ff804afd000 	/System/Library/PrivateFrameworks/CoreServicesStore.framework/Versions/A/CoreServicesStore
0x00007ff80dc35000 	/usr/lib/libxslt.1.dylib
0x00007ff80ca36000 	/System/Library/PrivateFrameworks/BackgroundTaskManagement.framework/Versions/A/BackgroundTaskManagement
0x00007ff80f154000 	/System/Library/Frameworks/ImageIO.framework/Versions/A/Resources/libRadiance.dylib
0x00007ff80f15d000 	/System/Library/Frameworks/ImageIO.framework/Versions/A/Resources/libJPEG.dylib
0x00007ff80f0af000 	/System/Library/Frameworks/ImageIO.framework/Versions/A/Resources/libPng.dylib
0x00007ff80f0d0000 	/System/Library/Frameworks/ImageIO.framework/Versions/A/Resources/libTIFF.dylib
0x00007ff80f1bc000 	/System/Library/Frameworks/ImageIO.framework/Versions/A/Resources/libGIF.dylib
0x00007ff80e9ec000 	/System/Library/Frameworks/ImageIO.framework/Versions/A/Resources/libJP2.dylib
0x00007ff80e12a000 	/usr/lib/libexpat.1.dylib
0x00007ff80e9a1000 	/System/Library/PrivateFrameworks/AppleJPEG.framework/Versions/A/AppleJPEG
0x00007ff80b2c3000 	/System/Library/PrivateFrameworks/FontServices.framework/libFontParser.dylib
0x00007ff808914000 	/System/Library/PrivateFrameworks/RunningBoardServices.framework/Versions/A/RunningBoardServices
0x00007ff819b21000 	/System/Library/PrivateFrameworks/IOSurfaceAccelerator.framework/Versions/A/IOSurfaceAccelerator
0x00007ff80eacc000 	/System/Library/PrivateFrameworks/WatchdogClient.framework/Versions/A/WatchdogClient
0x00007ff8034fc000 	/System/Library/Frameworks/CoreDisplay.framework/Versions/A/CoreDisplay
0x00007ff80b1c1000 	/System/Library/Frameworks/CoreMedia.framework/Versions/A/CoreMedia
0x00007ff80b055000 	/System/Library/PrivateFrameworks/IOAccelerator.framework/Versions/A/IOAccelerator
0x00007ff809f5b000 	/System/Library/Frameworks/CoreVideo.framework/Versions/A/CoreVideo
0x00007ff80d6bb000 	/System/Library/Frameworks/MetalPerformanceShaders.framework/Versions/A/MetalPerformanceShaders
0x00007ff80eb09000 	/System/Library/Frameworks/VideoToolbox.framework/Versions/A/VideoToolbox
0x00007ff80885e000 	/System/Library/PrivateFrameworks/BaseBoard.framework/Versions/A/BaseBoard
0x00007ff8085e8000 	/System/Library/PrivateFrameworks/ProtocolBuffer.framework/Versions/A/ProtocolBuffer
0x00007ff80f14d000 	/System/Library/PrivateFrameworks/GPUWrangler.framework/Versions/A/GPUWrangler
0x00007ff80f131000 	/System/Library/PrivateFrameworks/IOPresentment.framework/Versions/A/IOPresentment
0x00007ff80f157000 	/System/Library/PrivateFrameworks/DSExternalDisplay.framework/Versions/A/DSExternalDisplay
0x00007ffa1b033000 	/System/Library/Frameworks/OpenGL.framework/Versions/A/Libraries/libCoreFSCache.dylib
0x00007ffb08083000 	/System/Library/PrivateFrameworks/GPUCompiler.framework/Versions/31001/Libraries/libGPUCompilerUtils.dylib
0x00007ff80f1c1000 	/System/Library/PrivateFrameworks/CMCaptureCore.framework/Versions/A/CMCaptureCore
0x00007ff80e6d2000 	/System/Library/PrivateFrameworks/AppServerSupport.framework/Versions/A/AppServerSupport
0x00007ff81098d000 	/System/Library/PrivateFrameworks/perfdata.framework/Versions/A/perfdata
0x00007ff803628000 	/System/Library/PrivateFrameworks/AudioToolboxCore.framework/Versions/A/AudioToolboxCore
0x00007ff80b19f000 	/System/Library/PrivateFrameworks/caulk.framework/Versions/A/caulk
0x00007ff81029f000 	/usr/lib/libAudioStatistics.dylib
0x00007ff907d06000 	/System/Library/PrivateFrameworks/SystemPolicy.framework/Versions/A/SystemPolicy
0x00007ff8104fa000 	/usr/lib/libSMC.dylib
0x00007ff819419000 	/System/Library/Frameworks/CoreMIDI.framework/Versions/A/CoreMIDI
0x00007ff80f07e000 	/usr/lib/libAudioToolboxUtility.dylib
0x00007ff903f3b000 	/System/Library/PrivateFrameworks/OSAServicesClient.framework/Versions/A/OSAServicesClient
0x00007ff81099a000 	/usr/lib/libperfcheck.dylib
0x00007ff9087b3000 	/usr/lib/libmis.dylib
0x00007ffa1b08e000 	/System/Library/Frameworks/OpenGL.framework/Versions/A/Libraries/libGLU.dylib
0x00007ffa1b052000 	/System/Library/Frameworks/OpenGL.framework/Versions/A/Libraries/libGFXShared.dylib
0x00007ffa1b25b000 	/System/Library/Frameworks/OpenGL.framework/Versions/A/Libraries/libGL.dylib
0x00007ffa1b05b000 	/System/Library/Frameworks/OpenGL.framework/Versions/A/Libraries/libGLImage.dylib
0x00007ffa1b04f000 	/System/Library/Frameworks/OpenGL.framework/Versions/A/Libraries/libCVMSPluginSupport.dylib
0x00007ffa1b03a000 	/System/Library/Frameworks/OpenGL.framework/Versions/A/Libraries/libCoreVMClient.dylib
0x00007ff80bd0b000 	/System/Library/Frameworks/MetalPerformanceShaders.framework/Versions/A/Frameworks/MPSCore.framework/Versions/A/MPSCore
0x00007ff80d04f000 	/System/Library/Frameworks/MetalPerformanceShaders.framework/Versions/A/Frameworks/MPSImage.framework/Versions/A/MPSImage
0x00007ff80caf5000 	/System/Library/Frameworks/MetalPerformanceShaders.framework/Versions/A/Frameworks/MPSNeuralNetwork.framework/Versions/A/MPSNeuralNetwork
0x00007ff80cf69000 	/System/Library/Frameworks/MetalPerformanceShaders.framework/Versions/A/Frameworks/MPSMatrix.framework/Versions/A/MPSMatrix
0x00007ff80cd24000 	/System/Library/Frameworks/MetalPerformanceShaders.framework/Versions/A/Frameworks/MPSRayIntersector.framework/Versions/A/MPSRayIntersector
0x00007ff80cfa1000 	/System/Library/Frameworks/MetalPerformanceShaders.framework/Versions/A/Frameworks/MPSNDArray.framework/Versions/A/MPSNDArray
0x00007ffa20a93000 	/System/Library/Frameworks/MetalPerformanceShaders.framework/Versions/A/Frameworks/MPSFunctions.framework/Versions/A/MPSFunctions
0x00007ff8029f4000 	/System/Library/PrivateFrameworks/MetalTools.framework/Versions/A/MetalTools
0x00007ff80bd87000 	/System/Library/PrivateFrameworks/AggregateDictionary.framework/Versions/A/AggregateDictionary
0x00007ff80df0c000 	/usr/lib/libIOReport.dylib
0x00007ffa1c66a000 	/System/Library/Frameworks/OpenCL.framework/Versions/A/OpenCL
0x00007ff80e270000 	/System/Library/PrivateFrameworks/FaceCore.framework/Versions/A/FaceCore
0x00007ff80e261000 	/System/Library/PrivateFrameworks/GraphVisualizer.framework/Versions/A/GraphVisualizer
0x00007ffb07f8e000 	/System/Library/PrivateFrameworks/FontServices.framework/Versions/A/FontServices
0x00007ff80e68a000 	/System/Library/PrivateFrameworks/OTSVG.framework/Versions/A/OTSVG
0x00007ff809b42000 	/System/Library/Frameworks/ApplicationServices.framework/Versions/A/Frameworks/ATS.framework/Versions/A/Resources/libFontRegistry.dylib
0x00007ff80e6da000 	/System/Library/PrivateFrameworks/FontServices.framework/libhvf.dylib
0x00007ffb07f8f000 	/System/Library/PrivateFrameworks/FontServices.framework/libXTFontStaticRegistryData.dylib
0x00007ff80e0da000 	/System/Library/PrivateFrameworks/AppleVA.framework/Versions/A/AppleVA
0x00007ff8102bf000 	/System/Library/Frameworks/ApplicationServices.framework/Versions/A/Frameworks/ATS.framework/Versions/A/ATS
0x00007ff807d1b000 	/System/Library/Frameworks/ApplicationServices.framework/Versions/A/Frameworks/HIServices.framework/Versions/A/HIServices
0x00007ff80f1cb000 	/System/Library/Frameworks/ApplicationServices.framework/Versions/A/Frameworks/PrintCore.framework/Versions/A/PrintCore
0x00007ff81064d000 	/System/Library/Frameworks/ApplicationServices.framework/Versions/A/Frameworks/QD.framework/Versions/A/QD
0x00007ff810645000 	/System/Library/Frameworks/ApplicationServices.framework/Versions/A/Frameworks/ColorSyncLegacy.framework/Versions/A/ColorSyncLegacy
0x00007ff8102af000 	/System/Library/Frameworks/ApplicationServices.framework/Versions/A/Frameworks/SpeechSynthesis.framework/Versions/A/SpeechSynthesis
0x00007ff80f18c000 	/System/Library/Frameworks/ApplicationServices.framework/Versions/A/Frameworks/ATSUI.framework/Versions/A/ATSUI
0x00007ff8105da000 	/usr/lib/libcups.2.dylib
0x00007ff8109a9000 	/System/Library/Frameworks/Kerberos.framework/Versions/A/Kerberos
0x00007ff8109b8000 	/System/Library/Frameworks/GSS.framework/Versions/A/GSS
0x00007ff81032b000 	/usr/lib/libresolv.9.dylib
0x00007ff80e6e9000 	/System/Library/PrivateFrameworks/Heimdal.framework/Versions/A/Heimdal
0x00007ff81759c000 	/System/Library/Frameworks/Kerberos.framework/Versions/A/Libraries/libHeimdalProxy.dylib
0x00007ff8089e7000 	/System/Library/Frameworks/Network.framework/Versions/A/Network
0x00007ff80e144000 	/usr/lib/libheimdal-asn1.dylib
0x00007ff810a03000 	/System/Library/PrivateFrameworks/CommonAuth.framework/Versions/A/CommonAuth
0x00007ff810231000 	/System/Library/PrivateFrameworks/AudioSession.framework/Versions/A/AudioSession
0x00007ff80e1d4000 	/System/Library/PrivateFrameworks/MediaExperience.framework/Versions/A/MediaExperience
0x00007ff8100c4000 	/System/Library/PrivateFrameworks/AudioSession.framework/libSessionUtility.dylib
0x00007ff810659000 	/System/Library/PrivateFrameworks/AudioResourceArbitration.framework/Versions/A/AudioResourceArbitration
0x00007ff8146da000 	/System/Library/PrivateFrameworks/PowerLog.framework/Versions/A/PowerLog
0x00007ff80e14d000 	/System/Library/PrivateFrameworks/IconFoundation.framework/Versions/A/IconFoundation
0x00007ff813490000 	/System/Library/PrivateFrameworks/SpeechRecognitionCore.framework/Versions/A/SpeechRecognitionCore
0x0000000109f80000 	/Users/shu-yelin/.p2/pool/plugins/org.eclipse.justj.openjdk.hotspot.jre.full.macosx.x86_64_17.0.10.v20240120-1143/jre/lib/server/libjvm.dylib
0x0000000108edb000 	/Users/shu-yelin/.p2/pool/plugins/org.eclipse.justj.openjdk.hotspot.jre.full.macosx.x86_64_17.0.10.v20240120-1143/jre/lib/libjimage.dylib
0x0000000108f67000 	/Users/shu-yelin/.p2/pool/plugins/org.eclipse.justj.openjdk.hotspot.jre.full.macosx.x86_64_17.0.10.v20240120-1143/jre/lib/libjava.dylib
0x0000000109e5f000 	/Users/shu-yelin/.p2/pool/plugins/org.eclipse.justj.openjdk.hotspot.jre.full.macosx.x86_64_17.0.10.v20240120-1143/jre/lib/libzip.dylib
0x0000000124f0a000 	/Users/shu-yelin/.p2/pool/plugins/org.eclipse.justj.openjdk.hotspot.jre.full.macosx.x86_64_17.0.10.v20240120-1143/jre/lib/libnio.dylib
0x0000000124f61000 	/Users/shu-yelin/.p2/pool/plugins/org.eclipse.justj.openjdk.hotspot.jre.full.macosx.x86_64_17.0.10.v20240120-1143/jre/lib/libnet.dylib
0x0000000124fbb000 	/Users/shu-yelin/.p2/pool/plugins/org.eclipse.justj.openjdk.hotspot.jre.full.macosx.x86_64_17.0.10.v20240120-1143/jre/lib/libverify.dylib
0x000000012ae64000 	/Users/shu-yelin/.p2/pool/plugins/org.eclipse.justj.openjdk.hotspot.jre.full.macosx.x86_64_17.0.10.v20240120-1143/jre/lib/libawt.dylib
0x000000012b098000 	/Users/shu-yelin/.p2/pool/plugins/org.eclipse.justj.openjdk.hotspot.jre.full.macosx.x86_64_17.0.10.v20240120-1143/jre/lib/libmlib_image.dylib
0x00007ffa209fc000 	/System/Library/Frameworks/JavaRuntimeSupport.framework/Versions/A/JavaRuntimeSupport
0x00007ff90782a000 	/System/Library/Frameworks/Carbon.framework/Versions/A/Carbon
0x00007ff815956000 	/System/Library/PrivateFrameworks/CoreSymbolication.framework/Versions/A/CoreSymbolication
0x00007ff81aeb8000 	/System/Library/Frameworks/Carbon.framework/Versions/A/Frameworks/CommonPanels.framework/Versions/A/CommonPanels
0x00007ff816f8a000 	/System/Library/Frameworks/Carbon.framework/Versions/A/Frameworks/Help.framework/Versions/A/Help
0x00007ff81aebc000 	/System/Library/Frameworks/Carbon.framework/Versions/A/Frameworks/ImageCapture.framework/Versions/A/ImageCapture
0x00007ff81ae8c000 	/System/Library/Frameworks/Carbon.framework/Versions/A/Frameworks/OpenScripting.framework/Versions/A/OpenScripting
0x00007ff81aeb4000 	/System/Library/Frameworks/Carbon.framework/Versions/A/Frameworks/Ink.framework/Versions/A/Ink
0x00007ff907826000 	/System/Library/Frameworks/Carbon.framework/Versions/A/Frameworks/Print.framework/Versions/A/Print
0x00007ff81aeb0000 	/System/Library/Frameworks/Carbon.framework/Versions/A/Frameworks/SecurityHI.framework/Versions/A/SecurityHI
0x00007ff81591b000 	/System/Library/PrivateFrameworks/DebugSymbols.framework/Versions/A/DebugSymbols
0x000000012b2f5000 	/Users/shu-yelin/.p2/pool/plugins/org.eclipse.justj.openjdk.hotspot.jre.full.macosx.x86_64_17.0.10.v20240120-1143/jre/lib/libawt_lwawt.dylib
0x000000012adf2000 	/Users/shu-yelin/.p2/pool/plugins/org.eclipse.justj.openjdk.hotspot.jre.full.macosx.x86_64_17.0.10.v20240120-1143/jre/lib/libosxapp.dylib
0x00007ff906afc000 	/System/Library/Frameworks/ExceptionHandling.framework/Versions/A/ExceptionHandling
0x000000012b7e0000 	/Users/shu-yelin/.p2/pool/plugins/org.eclipse.justj.openjdk.hotspot.jre.full.macosx.x86_64_17.0.10.v20240120-1143/jre/lib/libfontmanager.dylib
0x000000012b5cf000 	/Users/shu-yelin/.p2/pool/plugins/org.eclipse.justj.openjdk.hotspot.jre.full.macosx.x86_64_17.0.10.v20240120-1143/jre/lib/libfreetype.dylib
0x00007ff804abf000 	/System/Library/PrivateFrameworks/CoreServicesInternal.framework/Versions/A/CoreServicesInternal
0x00007ff814ccb000 	/System/Library/Frameworks/FileProvider.framework/Versions/A/FileProvider
0x00007ff8087cb000 	/System/Library/Frameworks/Accounts.framework/Versions/A/Accounts
0x00007ff814e44000 	/System/Library/PrivateFrameworks/GenerationalStorage.framework/Versions/A/GenerationalStorage
0x00007ff8146cf000 	/System/Library/PrivateFrameworks/SymptomDiagnosticReporter.framework/Versions/A/SymptomDiagnosticReporter
0x00007ff805d7e000 	/System/Library/PrivateFrameworks/DesktopServicesPriv.framework/Versions/A/DesktopServicesPriv
0x00007ff804bfe000 	/usr/lib/libsandbox.1.dylib
0x00007ff809fda000 	/System/Library/PrivateFrameworks/UserManagement.framework/Versions/A/UserManagement
0x00007ff81063a000 	/System/Library/PrivateFrameworks/NetAuth.framework/Versions/A/NetAuth
0x00007ff811549000 	/System/Library/PrivateFrameworks/Sharing.framework/Versions/A/Sharing
0x00007ff809fad000 	/System/Library/PrivateFrameworks/login.framework/Versions/A/Frameworks/loginsupport.framework/Versions/A/loginsupport
0x00007ff816ab9000 	/System/Library/PrivateFrameworks/Apple80211.framework/Versions/A/Apple80211
0x00007ff80d134000 	/System/Library/PrivateFrameworks/AuthKit.framework/Versions/A/AuthKit
0x00007ff80c789000 	/System/Library/PrivateFrameworks/CoreUtils.framework/Versions/A/CoreUtils
0x00007ff80c6b0000 	/System/Library/Frameworks/CoreWLAN.framework/Versions/A/CoreWLAN
0x00007ff8116a8000 	/System/Library/Frameworks/IOBluetooth.framework/Versions/A/IOBluetooth
0x00007ff816b21000 	/System/Library/PrivateFrameworks/CoreWiFi.framework/Versions/A/CoreWiFi
0x00007ff8154f0000 	/System/Library/PrivateFrameworks/FrontBoardServices.framework/Versions/A/FrontBoardServices
0x00007ff815581000 	/System/Library/PrivateFrameworks/BoardServices.framework/Versions/A/BoardServices
0x00007ff80c998000 	/System/Library/PrivateFrameworks/AssertionServices.framework/Versions/A/AssertionServices
0x00007ff816ca4000 	/System/Library/PrivateFrameworks/BackBoardServices.framework/Versions/A/BackBoardServices
0x00007ff810a94000 	/System/Library/PrivateFrameworks/CorePhoneNumbers.framework/Versions/A/CorePhoneNumbers
0x00007ff810358000 	/System/Library/PrivateFrameworks/MultiverseSupport.framework/Versions/A/MultiverseSupport
0x00007ff816f17000 	/System/Library/PrivateFrameworks/RemoteServiceDiscovery.framework/Versions/A/RemoteServiceDiscovery
0x00007ff8147ec000 	/System/Library/PrivateFrameworks/DiskManagement.framework/Versions/A/DiskManagement
0x00007ff814700000 	/System/Library/PrivateFrameworks/AppleIDAuthSupport.framework/Versions/A/AppleIDAuthSupport
0x00007ffb02925000 	/System/Library/PrivateFrameworks/AAAFoundation.framework/Versions/A/AAAFoundation
0x00007ff810a75000 	/System/Library/PrivateFrameworks/KeychainCircle.framework/Versions/A/KeychainCircle
0x00007ff816f27000 	/System/Library/PrivateFrameworks/RemoteXPC.framework/Versions/A/RemoteXPC
0x00007ff8147b8000 	/System/Library/PrivateFrameworks/MediaKit.framework/Versions/A/MediaKit
0x00007ff81470c000 	/System/Library/Frameworks/DiscRecording.framework/Versions/A/DiscRecording
0x00007ff80e052000 	/usr/lib/libCoreStorage.dylib
0x00007ff816f92000 	/usr/lib/libcsfde.dylib
0x00007ff811775000 	/System/Library/PrivateFrameworks/ProtectedCloudStorage.framework/Versions/A/ProtectedCloudStorage
0x00007ff816f8e000 	/System/Library/PrivateFrameworks/EFILogin.framework/Versions/A/EFILogin
0x00007ff814e6a000 	/System/Library/PrivateFrameworks/OctagonTrust.framework/Versions/A/OctagonTrust
0x00007ffb071f1000 	/System/Library/PrivateFrameworks/CoreUtilsExtras.framework/Versions/A/CoreUtilsExtras
0x00007ff814633000 	/System/Library/Frameworks/CoreBluetooth.framework/Versions/A/CoreBluetooth
0x00007ff817621000 	/System/Library/Frameworks/AudioUnit.framework/Versions/A/AudioUnit
0x00007ff80e04a000 	/usr/lib/libMatch.1.dylib
0x00007ff90f59b000 	/System/Library/CoreServices/RawCamera.bundle/Contents/MacOS/RawCamera
0x00007ff810a13000 	/System/Library/PrivateFrameworks/MobileAsset.framework/Versions/A/MobileAsset
0x00007ff817648000 	/System/Library/PrivateFrameworks/StreamingZip.framework/Versions/A/StreamingZip
0x00007ffb044e5000 	/System/Library/PrivateFrameworks/CMPhoto.framework/Versions/A/CMPhoto
0x00007ff8157f1000 	/System/Library/PrivateFrameworks/AppleVPA.framework/Versions/A/AppleVPA
0x00007ff80f3f5000 	/System/Library/Frameworks/MediaToolbox.framework/Versions/A/MediaToolbox
0x00007ff814c9b000 	/System/Library/PrivateFrameworks/CoreAVCHD.framework/Versions/A/CoreAVCHD
0x00007ff813b70000 	/System/Library/Frameworks/MediaAccessibility.framework/Versions/A/MediaAccessibility
0x00007ff814c97000 	/System/Library/PrivateFrameworks/Mangrove.framework/Versions/A/Mangrove
0x00007ff813b7b000 	/System/Library/PrivateFrameworks/AlgosScoreFramework.framework/Versions/A/AlgosScoreFramework
0x00007ff8148dc000 	/System/Library/PrivateFrameworks/CoreAUC.framework/Versions/A/CoreAUC
0x00007ff90cdc5000 	/System/Library/Frameworks/Accelerate.framework/Versions/A/Frameworks/vImage.framework/Versions/A/Libraries/libCGInterfaces.dylib
0x000000012b76d000 	/usr/lib/libobjc-trampolines.dylib
0x00007ff809cd2000 	/System/Library/PrivateFrameworks/ViewBridge.framework/Versions/A/ViewBridge
0x00007ff80e7a0000 	/System/Library/PrivateFrameworks/login.framework/Versions/A/login
0x000000013445d000 	/Users/shu-yelin/Documents/GitHub/Debuggies/Debuggies/libs/natives/liblwjgl.dylib
0x000000012ad45000 	/Users/shu-yelin/.p2/pool/plugins/org.eclipse.justj.openjdk.hotspot.jre.full.macosx.x86_64_17.0.10.v20240120-1143/jre/lib/libjawt.dylib
0x00007ffa1b266000 	/System/Library/Frameworks/OpenGL.framework/Versions/A/Resources/GLEngine.bundle/GLEngine
0x00007ffa1b0cc000 	/System/Library/Frameworks/OpenGL.framework/Versions/A/Libraries/libGLProgrammability.dylib
0x000000013469d000 	/System/Library/Extensions/AppleMetalOpenGLRenderer.bundle/Contents/MacOS/AppleMetalOpenGLRenderer
0x00007ffa1b3f0000 	/System/Library/Frameworks/OpenGL.framework/Versions/A/Resources/GLRendererFloat.bundle/GLRendererFloat
0x00007ffa1dfcb000 	/System/Library/Extensions/AGXMetalG14G.bundle/Contents/MacOS/AGXMetalG14G
0x00007ff9087ce000 	/System/Library/PrivateFrameworks/GPURawCounter.framework/Versions/A/GPURawCounter
0x00007ff9030d7000 	/System/Library/PrivateFrameworks/IOGPU.framework/Versions/A/IOGPU


VM Arguments:
jvm_args: -Djava.library.path=/Users/shu-yelin/Documents/GitHub/Debuggies/Debuggies/libs/natives -Dfile.encoding=UTF-8 -Dstdout.encoding=UTF-8 -Dstderr.encoding=UTF-8 -XX:+ShowCodeDetailsInExceptionMessages 
java_command: core.Main
java_class_path (initial): /Users/shu-yelin/Documents/GitHub/Debuggies/Debuggies/bin:/Users/shu-yelin/Documents/GitHub/Debuggies/Debuggies/libs/ibxm.jar:/Users/shu-yelin/Documents/GitHub/Debuggies/Debuggies/libs/jinput.jar:/Users/shu-yelin/Documents/GitHub/Debuggies/Debuggies/libs/jnlp.jar:/Users/shu-yelin/Documents/GitHub/Debuggies/Debuggies/libs/jogg-0.0.7.jar:/Users/shu-yelin/Documents/GitHub/Debuggies/Debuggies/libs/jorbis-0.0.15.jar:/Users/shu-yelin/Documents/GitHub/Debuggies/Debuggies/libs/lwjgl_util_applet.jar:/Users/shu-yelin/Documents/GitHub/Debuggies/Debuggies/libs/lwjgl_util.jar:/Users/shu-yelin/Documents/GitHub/Debuggies/Debuggies/libs/lwjgl.jar:/Users/shu-yelin/Documents/GitHub/Debuggies/Debuggies/libs/natives-linux.jar:/Users/shu-yelin/Documents/GitHub/Debuggies/Debuggies/libs/natives-mac.jar:/Users/shu-yelin/Documents/GitHub/Debuggies/Debuggies/libs/natives-windows.jar:/Users/shu-yelin/Documents/GitHub/Debuggies/Debuggies/libs/slick.jar:/Users/shu-yelin/Documents/GitHub/Debuggies/Debuggies/libs/slick-examples.jar:/Users/shu-yelin/Documents/GitHub/Debuggies/Debuggies/libs/tinylinepp.jar
Launcher Type: SUN_STANDARD

[Global flags]
     intx CICompilerCount                          = 4                                         {product} {ergonomic}
     uint ConcGCThreads                            = 2                                         {product} {ergonomic}
     uint G1ConcRefinementThreads                  = 8                                         {product} {ergonomic}
   size_t G1HeapRegionSize                         = 1048576                                   {product} {ergonomic}
    uintx GCDrainStackTargetSize                   = 64                                        {product} {ergonomic}
   size_t InitialHeapSize                          = 134217728                                 {product} {ergonomic}
   size_t MarkStackSize                            = 4194304                                   {product} {ergonomic}
   size_t MaxHeapSize                              = 2147483648                                {product} {ergonomic}
   size_t MaxNewSize                               = 1287651328                                {product} {ergonomic}
   size_t MinHeapDeltaBytes                        = 1048576                                   {product} {ergonomic}
   size_t MinHeapSize                              = 8388608                                   {product} {ergonomic}
    uintx NonNMethodCodeHeapSize                   = 5839372                                {pd product} {ergonomic}
    uintx NonProfiledCodeHeapSize                  = 122909434                              {pd product} {ergonomic}
    uintx ProfiledCodeHeapSize                     = 122909434                              {pd product} {ergonomic}
    uintx ReservedCodeCacheSize                    = 251658240                              {pd product} {ergonomic}
     bool SegmentedCodeCache                       = true                                      {product} {ergonomic}
     bool ShowCodeDetailsInExceptionMessages       = true                                   {manageable} {command line}
   size_t SoftMaxHeapSize                          = 2147483648                             {manageable} {ergonomic}
     bool UseCompressedClassPointers               = true                           {product lp64_product} {ergonomic}
     bool UseCompressedOops                        = true                           {product lp64_product} {ergonomic}
     bool UseG1GC                                  = true                                      {product} {ergonomic}
     bool UseNUMA                                  = false                                     {product} {ergonomic}
     bool UseNUMAInterleaving                      = false                                     {product} {ergonomic}

Logging:
Log output configuration:
 #0: stdout all=warning uptime,level,tags
 #1: stderr all=off uptime,level,tags

Environment Variables:
PATH=/usr/bin:/bin:/usr/sbin:/sbin
SHELL=/bin/zsh
DISPLAY=/private/tmp/com.apple.launchd.QnQB96wVdj/org.xquartz:0
TMPDIR=/var/folders/k1/z24c78b10lj29fw4t3zpp4s80000gn/T/

Active Locale:
LC_ALL=C
LC_COLLATE=C
LC_CTYPE=C
LC_MESSAGES=C
LC_MONETARY=C
LC_NUMERIC=C
LC_TIME=C

Signal Handlers:
   SIGSEGV: _ZL13crash_handleriP9__siginfoPv in libjvm.dylib, mask=11100110100111111111111111111111, flags=SA_RESTART|SA_SIGINFO, unblocked
    SIGBUS: _ZL13crash_handleriP9__siginfoPv in libjvm.dylib, mask=11100110100111111111111111111111, flags=SA_RESTART|SA_SIGINFO, unblocked
    SIGFPE: _ZL13crash_handleriP9__siginfoPv in libjvm.dylib, mask=11100110100111111111111111111111, flags=SA_RESTART|SA_SIGINFO, unblocked
   SIGPIPE: _ZL17javaSignalHandleriP9__siginfoPv in libjvm.dylib, mask=11100110100111111111111111111111, flags=SA_RESTART|SA_SIGINFO, blocked
   SIGXFSZ: _ZL17javaSignalHandleriP9__siginfoPv in libjvm.dylib, mask=11100110100111111111111111111111, flags=SA_RESTART|SA_SIGINFO, blocked
    SIGILL: _ZL13crash_handleriP9__siginfoPv in libjvm.dylib, mask=11100110100111111111111111111111, flags=SA_RESTART|SA_SIGINFO, unblocked
   SIGUSR2: _ZL10SR_handleriP9__siginfoP17__darwin_ucontext in libjvm.dylib, mask=00100000000000000000000000000000, flags=SA_RESTART|SA_SIGINFO, blocked
    SIGHUP: _ZL11UserHandleriPvS_ in libjvm.dylib, mask=11100110100111111111111111111111, flags=SA_RESTART|SA_SIGINFO, blocked
    SIGINT: _ZL11UserHandleriPvS_ in libjvm.dylib, mask=11100110100111111111111111111111, flags=SA_RESTART|SA_SIGINFO, blocked
   SIGTERM: _ZL11UserHandleriPvS_ in libjvm.dylib, mask=11100110100111111111111111111111, flags=SA_RESTART|SA_SIGINFO, blocked
   SIGQUIT: _ZL11UserHandleriPvS_ in libjvm.dylib, mask=11100110100111111111111111111111, flags=SA_RESTART|SA_SIGINFO, blocked
   SIGTRAP: _ZL13crash_handleriP9__siginfoPv in libjvm.dylib, mask=11100110100111111111111111111111, flags=SA_RESTART|SA_SIGINFO, unblocked


Periodic native trim disabled


---------------  S Y S T E M  ---------------

OS:
uname: Darwin 21.5.0 Darwin Kernel Version 21.5.0: Tue Apr 26 20:57:23 PDT 2022; root:xnu-8020.121.3~2/RELEASE_ARM64_T8110 x86_64
OS uptime: 1 days 14:28 hours
rlimit (soft/hard): STACK 8176k/65520k , CORE 0k/infinity , NPROC 1333/2000 , NOFILE 10240/infinity , AS infinity/infinity , CPU infinity/infinity , DATA infinity/infinity , FSIZE infinity/infinity , MEMLOCK infinity/infinity , RSS infinity/infinity
load average: 1.52 1.61 1.61

CPU: (EMULATED) total 8 (initial active 8) (1 cores per cpu, 1 threads per core) family 6 model 44 stepping 0 microcode 0x0, cx8, cmov, fxsr, mmx, sse, sse2, sse3, ssse3, sse4.1, sse4.2, popcnt, tsc, tscinvbit, aes, clmul, clflush
machdep.cpu.brand_string:Apple M2
hw.cpufrequency:2400000000
hw.cpufrequency_min:2400000000
hw.cpufrequency_max:2400000000
hw.cachelinesize:64
hw.l1icachesize:131072
hw.l1dcachesize:65536
hw.l2cachesize:4194304

Memory: 4k page, physical 8388608k(17148k free), swap 2097152k(1388544k free)

vm_info: OpenJDK 64-Bit Server VM (17.0.10+7) for bsd-amd64 JRE (17.0.10+7), built on Jan 16 2024 00:00:00 by "admin" with clang Apple LLVM 15.0.0 (clang-1500.0.40.1)

END.
